#
# A fatal error has been detected by the Java Runtime Environment:
#
#  SIGSEGV (0xb) at pc=0x00007fd5b1e0f918, pid=21105, tid=140556952340224
#
# JRE version: OpenJDK Runtime Environment (7.0_55-b14) (build 1.7.0_55-b14)
# Java VM: OpenJDK 64-Bit Server VM (24.51-b03 mixed mode linux-amd64 compressed oops)
# Problematic frame:
# C  [libopencv_imgproc.so.2.4.9+0x168918]  cv::CvtColorLoop_Invoker<cv::RGB2Gray<unsigned char> >::operator()(cv::Range const&) const+0x58
#
# Failed to write core dump. Core dumps have been disabled. To enable core dumping, try "ulimit -c unlimited" before starting Java again
#
# If you would like to submit a bug report, please include
# instructions on how to reproduce the bug and visit:
#   http://icedtea.classpath.org/bugzilla
# The crash happened outside the Java Virtual Machine in native code.
# See problematic frame for where to report the bug.
#

---------------  T H R E A D  ---------------

Current thread (0x00007fd5cc006000):  JavaThread "pool-1-thread-1" [_thread_in_native, id=21125, stack(0x00007fd5f7270000,0x00007fd5f7371000)]

siginfo:si_signo=SIGSEGV: si_errno=0, si_code=1 (SEGV_MAPERR), si_addr=0x00007fd5a0241041

Registers:
RAX=0x00007fd5f736dc00, RBX=0x0000000000000003, RCX=0x0000000000000000, RDX=0x00007fd5a0241040
RSP=0x00007fd5f736bf70, RBP=0x0000000000000000, RSI=0x00007fd5f736bfa0, RDI=0x00007fd5f736bfb0
R8 =0x00007fd5f736e564, R9 =0x0000000000000000, R10=0x00007fd521215ce0, R11=0x0000000000000500
R12=0x00007fd5a0241040, R13=0x00007fd5f736f2a0, R14=0x00007fd5f736e560, R15=0x00007fd5f736f260
RIP=0x00007fd5b1e0f918, EFLAGS=0x0000000000010246, CSGSFS=0x0000000000000033, ERR=0x0000000000000004
  TRAPNO=0x000000000000000e

Top of Stack: (sp=0x00007fd5f736bf70)
0x00007fd5f736bf70:   00007fd5f736bfb0 00007fd5b20f4da0
0x00007fd5f736bf80:   00007fd5f736f220 00007fd5b1e1b605
0x00007fd5f736bf90:   00007fd600000000 00007fd6babd5bf0
0x00007fd5f736bfa0:   000002d000000000 00007fd6babeebb0
0x00007fd5f736bfb0:   00007fd5b20f4db0 00007fd5f736dc00
0x00007fd5f736bfc0:   00007fd5f736dc60 00007fd5f736e560
0x00007fd5f736bfd0:   0000000000000006 00007fd5f736dde0
0x00007fd5f736bfe0:   00007fd5f736f220 00007fd5b1e2c6f6
0x00007fd5f736bff0:   00007fd5f736dc60 00007fd500000001
0x00007fd5f736c000:   00007fd5f736dc00 00007fd600000000
0x00007fd5f736c010:   00007fd5000002d0 00007fd600000500
0x00007fd5f736c020:   00007fd500000003 00000000babd0c01
0x00007fd5f736c030:   00007fd500000000 00007fd5babdb398
0x00007fd5f736c040:   00007fd500000000 00007fd5babecbb8
0x00007fd5f736c050:   00007fd5babea918 00007fd522bc24c0
0x00007fd5f736c060:   0000000000000030 0000000000000030
0x00007fd5f736c070:   0000000000000078 00007fd551a6e840
0x00007fd5f736c080:   00007fd5c0196f90 00007fd5b423369c
0x00007fd5f736c090:   00007fd500000000 00007fd500000000
0x00007fd5f736c0a0:   00007fd5babecaf8 00007fd500000000
0x00007fd5f736c0b0:   00007fd5babecbb8 00007fd500000000
0x00007fd5f736c0c0:   00007fd5babe0b58 00007fd500000000
0x00007fd5f736c0d0:   00007fd5babdb8b8 00007fd5babd6228
0x00007fd5f736c0e0:   00007fd500000000 00007fd6100111f4
0x00007fd5f736c0f0:   00007fd500000000 00007fd5fcc068be
0x00007fd5f736c100:   00000001babe57d0 0000000000000006
0x00007fd5f736c110:   0000000000000006 00007fd521215ce3
0x00007fd5f736c120:   00007fd521215ce3 00007fd5f736ecc0
0x00007fd5f736c130:   00007fd522bc0ff0 00007fd5b4232ea9
0x00007fd5f736c140:   00007fd522bc19a8 0000000014ab4f27
0x00007fd5f736c150:   0000000000000006 00007fd5b42489a2
0x00007fd5f736c160:   0000000100000000 0000000000000138 

Instructions: (pc=0x00007fd5b1e0f918)
0x00007fd5b1e0f8f8:   4c 8b 47 18 44 8b 58 0c 49 63 18 49 83 c0 04 45
0x00007fd5b1e0f908:   85 db 7e 4b 4c 89 e2 31 c9 0f 1f 80 00 00 00 00
0x00007fd5b1e0f918:   44 0f b6 4a 01 0f b6 02 41 8b 04 80 43 03 84 88
0x00007fd5b1e0f928:   00 04 00 00 44 0f b6 4a 02 48 01 da 43 03 84 88 

Register to memory mapping:

RAX=0x00007fd5f736dc00 is pointing into the stack for thread: 0x00007fd5cc006000
RBX=0x0000000000000003 is an unknown value
RCX=0x0000000000000000 is an unknown value
RDX=0x00007fd5a0241040 is an unknown value
RSP=0x00007fd5f736bf70 is pointing into the stack for thread: 0x00007fd5cc006000
RBP=0x0000000000000000 is an unknown value
RSI=0x00007fd5f736bfa0 is pointing into the stack for thread: 0x00007fd5cc006000
RDI=0x00007fd5f736bfb0 is pointing into the stack for thread: 0x00007fd5cc006000
R8 =0x00007fd5f736e564 is pointing into the stack for thread: 0x00007fd5cc006000
R9 =0x0000000000000000 is an unknown value
R10=0x00007fd521215ce0 is an unknown value
R11=0x0000000000000500 is an unknown value
R12=0x00007fd5a0241040 is an unknown value
R13=0x00007fd5f736f2a0 is pointing into the stack for thread: 0x00007fd5cc006000
R14=0x00007fd5f736e560 is pointing into the stack for thread: 0x00007fd5cc006000
R15=0x00007fd5f736f260 is pointing into the stack for thread: 0x00007fd5cc006000


Stack: [0x00007fd5f7270000,0x00007fd5f7371000],  sp=0x00007fd5f736bf70,  free space=1007k
Native frames: (J=compiled Java code, j=interpreted, Vv=VM code, C=native code)
C  [libopencv_imgproc.so.2.4.9+0x168918]  cv::CvtColorLoop_Invoker<cv::RGB2Gray<unsigned char> >::operator()(cv::Range const&) const+0x58

[error occurred during error reporting (printing native stack), id 0xb]

Java frames: (J=compiled Java code, j=interpreted, Vv=VM code)
j  com.googlecode.javacv.cpp.opencv_imgproc.cvCvtColor(Lcom/googlecode/javacv/cpp/opencv_core$CvArr;Lcom/googlecode/javacv/cpp/opencv_core$CvArr;I)V+0
j  VideoProc$VideoProcessMapper.map(Lorg/apache/hadoop/io/Text;Lcpsc551/videoprocessing/utils/Image;Lorg/apache/hadoop/mapreduce/Mapper$Context;)V+105
j  VideoProc$VideoProcessMapper.map(Ljava/lang/Object;Ljava/lang/Object;Lorg/apache/hadoop/mapreduce/Mapper$Context;)V+13
j  org.apache.hadoop.mapreduce.Mapper.run(Lorg/apache/hadoop/mapreduce/Mapper$Context;)V+22
j  org.apache.hadoop.mapred.MapTask.runNewMapper(Lorg/apache/hadoop/mapred/JobConf;Lorg/apache/hadoop/mapreduce/split/JobSplit$TaskSplitIndex;Lorg/apache/hadoop/mapred/TaskUmbilicalProtocol;Lorg/apache/hadoop/mapred/Task$TaskReporter;)V+309
j  org.apache.hadoop.mapred.MapTask.run(Lorg/apache/hadoop/mapred/JobConf;Lorg/apache/hadoop/mapred/TaskUmbilicalProtocol;)V+100
j  org.apache.hadoop.mapred.LocalJobRunner$Job$MapTaskRunnable.run()V+221
j  java.util.concurrent.Executors$RunnableAdapter.call()Ljava/lang/Object;+4
j  java.util.concurrent.FutureTask.run()V+42
j  java.util.concurrent.ThreadPoolExecutor.runWorker(Ljava/util/concurrent/ThreadPoolExecutor$Worker;)V+95
j  java.util.concurrent.ThreadPoolExecutor$Worker.run()V+5
j  java.lang.Thread.run()V+11
v  ~StubRoutines::call_stub

---------------  P R O C E S S  ---------------

Java Threads: ( => current thread )
  0x00007fd5c0067000 JavaThread "SpillThread" daemon [_thread_blocked, id=21139, stack(0x00007fd5f7035000,0x00007fd5f7136000)]
  0x00007fd5c0012800 JavaThread "communication thread" daemon [_thread_blocked, id=21126, stack(0x00007fd5f716f000,0x00007fd5f7270000)]
=>0x00007fd5cc006000 JavaThread "pool-1-thread-1" [_thread_in_native, id=21125, stack(0x00007fd5f7270000,0x00007fd5f7371000)]
  0x00007fd6084f0000 JavaThread "Thread-1" [_thread_blocked, id=21124, stack(0x00007fd5fc002000,0x00007fd5fc103000)]
  0x00007fd6080a7800 JavaThread "Service Thread" daemon [_thread_blocked, id=21122, stack(0x00007fd5fd50d000,0x00007fd5fd60e000)]
  0x00007fd6080a5000 JavaThread "C2 CompilerThread1" daemon [_thread_blocked, id=21120, stack(0x00007fd60404c000,0x00007fd60414d000)]
  0x00007fd6080a2800 JavaThread "C2 CompilerThread0" daemon [_thread_blocked, id=21119, stack(0x00007fd60414d000,0x00007fd60424e000)]
  0x00007fd6080a0000 JavaThread "Signal Dispatcher" daemon [_thread_blocked, id=21118, stack(0x00007fd60424e000,0x00007fd60434f000)]
  0x00007fd60807d800 JavaThread "Finalizer" daemon [_thread_blocked, id=21117, stack(0x00007fd60434f000,0x00007fd604450000)]
  0x00007fd60807b800 JavaThread "Reference Handler" daemon [_thread_blocked, id=21116, stack(0x00007fd604450000,0x00007fd604551000)]
  0x00007fd60800c000 JavaThread "main" [_thread_blocked, id=21110, stack(0x00007fd610670000,0x00007fd610771000)]

Other Threads:
  0x00007fd608077000 VMThread [stack: 0x00007fd604551000,0x00007fd604652000] [id=21115]
  0x00007fd6080b2800 WatcherThread [stack: 0x00007fd5fd40c000,0x00007fd5fd50d000] [id=21123]

VM state:not at safepoint (normal execution)

VM Mutex/Monitor currently owned by a thread: None

Heap
 PSYoungGen      total 18944K, used 6244K [0x00000000ec100000, 0x00000000ed780000, 0x0000000100000000)
  eden space 14848K, 40% used [0x00000000ec100000,0x00000000ec6e9230,0x00000000ecf80000)
  from space 4096K, 4% used [0x00000000ed380000,0x00000000ed3b0000,0x00000000ed780000)
  to   space 4096K, 0% used [0x00000000ecf80000,0x00000000ecf80000,0x00000000ed380000)
 ParOldGen       total 138240K, used 107828K [0x00000000c4400000, 0x00000000ccb00000, 0x00000000ec100000)
  object space 138240K, 78% used [0x00000000c4400000,0x00000000cad4d330,0x00000000ccb00000)
 PSPermGen       total 21504K, used 14274K [0x00000000b9e00000, 0x00000000bb300000, 0x00000000c4400000)
  object space 21504K, 66% used [0x00000000b9e00000,0x00000000babf09e8,0x00000000bb300000)

Card table byte_map: [0x00007fd60d0c6000,0x00007fd60d2f8000] byte_map_base: 0x00007fd60caf7000

Polling page: 0x00007fd610794000

Code Cache  [0x00007fd605000000, 0x00007fd605270000, 0x00007fd608000000)
 total_blobs=915 nmethods=491 adapters=378 free_code_cache=47448Kb largest_free_block=48553984

Compilation events (10 events):
Event: 1875.707 Thread 0x00007fd6080a5000  497             java.text.DecimalFormat::append (94 bytes)
Event: 1875.800 Thread 0x00007fd6080a5000 nmethod 497 0x00007fd6051a3210 code [0x00007fd6051a3380, 0x00007fd6051a3708]
Event: 1876.700 Thread 0x00007fd6080a2800  498             java.text.DecimalFormat::expandAffix (347 bytes)
Event: 1876.756 Thread 0x00007fd6080a2800 nmethod 498 0x00007fd6051a7050 code [0x00007fd6051a7280, 0x00007fd6051a82d0]
Event: 1897.501 Thread 0x00007fd6080a5000  499             com.sun.security.auth.UnixPrincipal::equals (45 bytes)
Event: 1897.627 Thread 0x00007fd6080a5000 nmethod 499 0x00007fd6051a5550 code [0x00007fd6051a56a0, 0x00007fd6051a5758]
Event: 1965.012 Thread 0x00007fd6080a2800  501   !         java.util.Collections$SynchronizedMap::get (25 bytes)
Event: 1965.238 Thread 0x00007fd6080a2800 nmethod 501 0x00007fd6051ab3d0 code [0x00007fd6051ab540, 0x00007fd6051abae8]
Event: 1973.074 Thread 0x00007fd6080a5000  502             java.lang.ClassLoader::loadLibrary (313 bytes)
Event: 1973.158 Thread 0x00007fd6080a5000 nmethod 502 0x00007fd6051ac4d0 code [0x00007fd6051ac760, 0x00007fd6051ad1d8]

GC Heap History (10 events):
Event: 1633.778 GC heap before
{Heap before GC invocations=22 (full 0):
 PSYoungGen      total 15360K, used 13799K [0x00000000ec100000, 0x00000000ed980000, 0x0000000100000000)
  eden space 14848K, 91% used [0x00000000ec100000,0x00000000ece51c08,0x00000000ecf80000)
  from space 512K, 31% used [0x00000000ecf80000,0x00000000ecfa8000,0x00000000ed000000)
  to   space 5120K, 0% used [0x00000000ed480000,0x00000000ed480000,0x00000000ed980000)
 ParOldGen       total 138240K, used 107756K [0x00000000c4400000, 0x00000000ccb00000, 0x00000000ec100000)
  object space 138240K, 77% used [0x00000000c4400000,0x00000000cad3b330,0x00000000ccb00000)
 PSPermGen       total 21504K, used 14242K [0x00000000b9e00000, 0x00000000bb300000, 0x00000000c4400000)
  object space 21504K, 66% used [0x00000000b9e00000,0x00000000babe8ad0,0x00000000bb300000)
Event: 1634.164 GC heap after
Heap after GC invocations=22 (full 0):
 PSYoungGen      total 19968K, used 224K [0x00000000ec100000, 0x00000000ed980000, 0x0000000100000000)
  eden space 14848K, 0% used [0x00000000ec100000,0x00000000ec100000,0x00000000ecf80000)
  from space 5120K, 4% used [0x00000000ed480000,0x00000000ed4b8000,0x00000000ed980000)
  to   space 5120K, 0% used [0x00000000ecf80000,0x00000000ecf80000,0x00000000ed480000)
 ParOldGen       total 138240K, used 107764K [0x00000000c4400000, 0x00000000ccb00000, 0x00000000ec100000)
  object space 138240K, 77% used [0x00000000c4400000,0x00000000cad3d330,0x00000000ccb00000)
 PSPermGen       total 21504K, used 14242K [0x00000000b9e00000, 0x00000000bb300000, 0x00000000c4400000)
  object space 21504K, 66% used [0x00000000b9e00000,0x00000000babe8ad0,0x00000000bb300000)
}
Event: 1706.308 GC heap before
{Heap before GC invocations=23 (full 0):
 PSYoungGen      total 19968K, used 15072K [0x00000000ec100000, 0x00000000ed980000, 0x0000000100000000)
  eden space 14848K, 100% used [0x00000000ec100000,0x00000000ecf80000,0x00000000ecf80000)
  from space 5120K, 4% used [0x00000000ed480000,0x00000000ed4b8000,0x00000000ed980000)
  to   space 5120K, 0% used [0x00000000ecf80000,0x00000000ecf80000,0x00000000ed480000)
 ParOldGen       total 138240K, used 107764K [0x00000000c4400000, 0x00000000ccb00000, 0x00000000ec100000)
  object space 138240K, 77% used [0x00000000c4400000,0x00000000cad3d330,0x00000000ccb00000)
 PSPermGen       total 21504K, used 14252K [0x00000000b9e00000, 0x00000000bb300000, 0x00000000c4400000)
  object space 21504K, 66% used [0x00000000b9e00000,0x00000000babeb2a8,0x00000000bb300000)
Event: 1706.369 GC heap after
Heap after GC invocations=23 (full 0):
 PSYoungGen      total 15360K, used 128K [0x00000000ec100000, 0x00000000ed880000, 0x0000000100000000)
  eden space 14848K, 0% used [0x00000000ec100000,0x00000000ec100000,0x00000000ecf80000)
  from space 512K, 25% used [0x00000000ecf80000,0x00000000ecfa0000,0x00000000ed000000)
  to   space 4608K, 0% used [0x00000000ed400000,0x00000000ed400000,0x00000000ed880000)
 ParOldGen       total 138240K, used 107772K [0x00000000c4400000, 0x00000000ccb00000, 0x00000000ec100000)
  object space 138240K, 77% used [0x00000000c4400000,0x00000000cad3f330,0x00000000ccb00000)
 PSPermGen       total 21504K, used 14252K [0x00000000b9e00000, 0x00000000bb300000, 0x00000000c4400000)
  object space 21504K, 66% used [0x00000000b9e00000,0x00000000babeb2a8,0x00000000bb300000)
}
Event: 1809.474 GC heap before
{Heap before GC invocations=24 (full 0):
 PSYoungGen      total 15360K, used 14976K [0x00000000ec100000, 0x00000000ed880000, 0x0000000100000000)
  eden space 14848K, 100% used [0x00000000ec100000,0x00000000ecf80000,0x00000000ecf80000)
  from space 512K, 25% used [0x00000000ecf80000,0x00000000ecfa0000,0x00000000ed000000)
  to   space 4608K, 0% used [0x00000000ed400000,0x00000000ed400000,0x00000000ed880000)
 ParOldGen       total 138240K, used 107772K [0x00000000c4400000, 0x00000000ccb00000, 0x00000000ec100000)
  object space 138240K, 77% used [0x00000000c4400000,0x00000000cad3f330,0x00000000ccb00000)
 PSPermGen       total 21504K, used 14256K [0x00000000b9e00000, 0x00000000bb300000, 0x00000000c4400000)
  object space 21504K, 66% used [0x00000000b9e00000,0x00000000babec228,0x00000000bb300000)
Event: 1809.681 GC heap after
Heap after GC invocations=24 (full 0):
 PSYoungGen      total 19456K, used 160K [0x00000000ec100000, 0x00000000ed880000, 0x0000000100000000)
  eden space 14848K, 0% used [0x00000000ec100000,0x00000000ec100000,0x00000000ecf80000)
  from space 4608K, 3% used [0x00000000ed400000,0x00000000ed428000,0x00000000ed880000)
  to   space 4608K, 0% used [0x00000000ecf80000,0x00000000ecf80000,0x00000000ed400000)
 ParOldGen       total 138240K, used 107788K [0x00000000c4400000, 0x00000000ccb00000, 0x00000000ec100000)
  object space 138240K, 77% used [0x00000000c4400000,0x00000000cad43330,0x00000000ccb00000)
 PSPermGen       total 21504K, used 14256K [0x00000000b9e00000, 0x00000000bb300000, 0x00000000c4400000)
  object space 21504K, 66% used [0x00000000b9e00000,0x00000000babec228,0x00000000bb300000)
}
Event: 1888.759 GC heap before
{Heap before GC invocations=25 (full 0):
 PSYoungGen      total 19456K, used 13078K [0x00000000ec100000, 0x00000000ed880000, 0x0000000100000000)
  eden space 14848K, 87% used [0x00000000ec100000,0x00000000ecd9d9e8,0x00000000ecf80000)
  from space 4608K, 3% used [0x00000000ed400000,0x00000000ed428000,0x00000000ed880000)
  to   space 4608K, 0% used [0x00000000ecf80000,0x00000000ecf80000,0x00000000ed400000)
 ParOldGen       total 138240K, used 107788K [0x00000000c4400000, 0x00000000ccb00000, 0x00000000ec100000)
  object space 138240K, 77% used [0x00000000c4400000,0x00000000cad43330,0x00000000ccb00000)
 PSPermGen       total 21504K, used 14266K [0x00000000b9e00000, 0x00000000bb300000, 0x00000000c4400000)
  object space 21504K, 66% used [0x00000000b9e00000,0x00000000babee960,0x00000000bb300000)
Event: 1889.443 GC heap after
Heap after GC invocations=25 (full 0):
 PSYoungGen      total 15360K, used 160K [0x00000000ec100000, 0x00000000ed780000, 0x0000000100000000)
  eden space 14848K, 0% used [0x00000000ec100000,0x00000000ec100000,0x00000000ecf80000)
  from space 512K, 31% used [0x00000000ecf80000,0x00000000ecfa8000,0x00000000ed000000)
  to   space 4096K, 0% used [0x00000000ed380000,0x00000000ed380000,0x00000000ed780000)
 ParOldGen       total 138240K, used 107796K [0x00000000c4400000, 0x00000000ccb00000, 0x00000000ec100000)
  object space 138240K, 77% used [0x00000000c4400000,0x00000000cad45330,0x00000000ccb00000)
 PSPermGen       total 21504K, used 14266K [0x00000000b9e00000, 0x00000000bb300000, 0x00000000c4400000)
  object space 21504K, 66% used [0x00000000b9e00000,0x00000000babee960,0x00000000bb300000)
}
Event: 1981.653 GC heap before
{Heap before GC invocations=26 (full 0):
 PSYoungGen      total 15360K, used 15008K [0x00000000ec100000, 0x00000000ed780000, 0x0000000100000000)
  eden space 14848K, 100% used [0x00000000ec100000,0x00000000ecf80000,0x00000000ecf80000)
  from space 512K, 31% used [0x00000000ecf80000,0x00000000ecfa8000,0x00000000ed000000)
  to   space 4096K, 0% used [0x00000000ed380000,0x00000000ed380000,0x00000000ed780000)
 ParOldGen       total 138240K, used 107796K [0x00000000c4400000, 0x00000000ccb00000, 0x00000000ec100000)
  object space 138240K, 77% used [0x00000000c4400000,0x00000000cad45330,0x00000000ccb00000)
 PSPermGen       total 21504K, used 14274K [0x00000000b9e00000, 0x00000000bb300000, 0x00000000c4400000)
  object space 21504K, 66% used [0x00000000b9e00000,0x00000000babf09e8,0x00000000bb300000)
Event: 1981.661 GC heap after
Heap after GC invocations=26 (full 0):
 PSYoungGen      total 18944K, used 192K [0x00000000ec100000, 0x00000000ed780000, 0x0000000100000000)
  eden space 14848K, 0% used [0x00000000ec100000,0x00000000ec100000,0x00000000ecf80000)
  from space 4096K, 4% used [0x00000000ed380000,0x00000000ed3b0000,0x00000000ed780000)
  to   space 4096K, 0% used [0x00000000ecf80000,0x00000000ecf80000,0x00000000ed380000)
 ParOldGen       total 138240K, used 107828K [0x00000000c4400000, 0x00000000ccb00000, 0x00000000ec100000)
  object space 138240K, 78% used [0x00000000c4400000,0x00000000cad4d330,0x00000000ccb00000)
 PSPermGen       total 21504K, used 14274K [0x00000000b9e00000, 0x00000000bb300000, 0x00000000c4400000)
  object space 21504K, 66% used [0x00000000b9e00000,0x00000000babf09e8,0x00000000bb300000)
}

Deoptimization events (10 events):
Event: 16.219 Thread 0x00007fd5c0012800 Uncommon trap: reason=class_check action=maybe_recompile pc=0x00007fd605100684 method=java.io.DataOutputStream.writeByte(I)V @ 5
Event: 16.219 Thread 0x00007fd5c0012800 Uncommon trap: reason=class_check action=maybe_recompile pc=0x00007fd605100684 method=java.io.DataOutputStream.writeByte(I)V @ 5
Event: 16.219 Thread 0x00007fd5c0012800 Uncommon trap: reason=class_check action=maybe_recompile pc=0x00007fd605100684 method=java.io.DataOutputStream.writeByte(I)V @ 5
Event: 58.074 Thread 0x00007fd5cc006000 Uncommon trap: reason=unloaded action=reinterpret pc=0x00007fd60511e1f8 method=org.apache.hadoop.mapred.MapTask$MapOutputBuffer$Buffer.write([BII)V @ 317
Event: 58.234 Thread 0x00007fd5c0067000 Uncommon trap: reason=unreached action=reinterpret pc=0x00007fd6050a4f30 method=java.util.TreeMap.getEntry(Ljava/lang/Object;)Ljava/util/TreeMap$Entry; @ 4
Event: 58.416 Thread 0x00007fd5c0067000 Uncommon trap: reason=bimorphic action=maybe_recompile pc=0x00007fd6050d5fc4 method=org.apache.hadoop.fs.FSDataOutputStream$PositionCache.write([BII)V @ 7
Event: 58.416 Thread 0x00007fd5c0067000 Uncommon trap: reason=bimorphic action=maybe_recompile pc=0x00007fd6050d5fc4 method=org.apache.hadoop.fs.FSDataOutputStream$PositionCache.write([BII)V @ 7
Event: 58.426 Thread 0x00007fd5c0067000 Uncommon trap: reason=bimorphic action=maybe_recompile pc=0x00007fd6050d5fc4 method=org.apache.hadoop.fs.FSDataOutputStream$PositionCache.write([BII)V @ 7
Event: 58.426 Thread 0x00007fd5c0067000 Uncommon trap: reason=bimorphic action=maybe_recompile pc=0x00007fd6050d5fc4 method=org.apache.hadoop.fs.FSDataOutputStream$PositionCache.write([BII)V @ 7
Event: 262.671 Thread 0x00007fd5cc006000 Uncommon trap: reason=range_check action=make_not_entrant pc=0x00007fd6051430f4 method=java.lang.String.charAt(I)C @ 27

Internal exceptions (10 events):
Event: 58.110 Thread 0x00007fd5c0067000 Threw 0x00000000ecbbb680 at /build/buildd/openjdk-7-7u55-2.4.7/build/openjdk/hotspot/src/share/vm/prims/jvm.cpp:1244
Event: 58.234 Thread 0x00007fd5c0067000 Threw 0x00000000ecbc6238 at /build/buildd/openjdk-7-7u55-2.4.7/build/openjdk/hotspot/src/share/vm/prims/jvm.cpp:1244
Event: 58.285 Thread 0x00007fd5c0067000 Threw 0x00000000ecc038d8 at /build/buildd/openjdk-7-7u55-2.4.7/build/openjdk/hotspot/src/share/vm/prims/jvm.cpp:1244
Event: 58.333 Thread 0x00007fd5c0067000 Threw 0x00000000ecc0d5f8 at /build/buildd/openjdk-7-7u55-2.4.7/build/openjdk/hotspot/src/share/vm/prims/jvm.cpp:1244
Event: 58.367 Thread 0x00007fd5c0067000 Threw 0x00000000ecc1d860 at /build/buildd/openjdk-7-7u55-2.4.7/build/openjdk/hotspot/src/share/vm/prims/jvm.cpp:1244
Event: 58.375 Thread 0x00007fd5c0067000 Threw 0x00000000ecc24678 at /build/buildd/openjdk-7-7u55-2.4.7/build/openjdk/hotspot/src/share/vm/prims/jvm.cpp:1244
Event: 58.385 Thread 0x00007fd5c0067000 Threw 0x00000000ecc2c1c8 at /build/buildd/openjdk-7-7u55-2.4.7/build/openjdk/hotspot/src/share/vm/prims/jvm.cpp:1244
Event: 58.392 Thread 0x00007fd5c0067000 Threw 0x00000000ecc39bc8 at /build/buildd/openjdk-7-7u55-2.4.7/build/openjdk/hotspot/src/share/vm/prims/jvm.cpp:1244
Event: 58.393 Thread 0x00007fd5c0067000 Threw 0x00000000ecc41b58 at /build/buildd/openjdk-7-7u55-2.4.7/build/openjdk/hotspot/src/share/vm/prims/jvm.cpp:1244
Event: 58.393 Thread 0x00007fd5c0067000 Threw 0x00000000ecc49c68 at /build/buildd/openjdk-7-7u55-2.4.7/build/openjdk/hotspot/src/share/vm/prims/jvm.cpp:1244

Events (10 events):
Event: 1981.663 Executing VM operation: RevokeBias
Event: 1981.663 Executing VM operation: RevokeBias done
Event: 1981.663 Executing VM operation: RevokeBias
Event: 1981.663 Executing VM operation: RevokeBias done
Event: 1981.663 Executing VM operation: RevokeBias
Event: 1981.663 Executing VM operation: RevokeBias done
Event: 1981.663 Executing VM operation: RevokeBias
Event: 1981.663 Executing VM operation: RevokeBias done
Event: 1981.663 Executing VM operation: BulkRevokeBias
Event: 1981.663 Executing VM operation: BulkRevokeBias done


Dynamic libraries:
00400000-00401000 r-xp 00000000 08:07 409128                             /usr/lib/jvm/java-7-openjdk-amd64/jre/bin/java
00600000-00601000 r--p 00000000 08:07 409128                             /usr/lib/jvm/java-7-openjdk-amd64/jre/bin/java
00601000-00602000 rw-p 00001000 08:07 409128                             /usr/lib/jvm/java-7-openjdk-amd64/jre/bin/java
008b4000-00fe5000 rw-p 00000000 00:00 0                                  [heap]
b9e00000-bb300000 rw-p 00000000 00:00 0 
bb300000-c4400000 rw-p 00000000 00:00 0 
c4400000-ccb00000 rw-p 00000000 00:00 0 
ccb00000-ec100000 rw-p 00000000 00:00 0 
ec100000-ed780000 rw-p 00000000 00:00 0 
ed780000-ee400000 ---p 00000000 00:00 0 
ee400000-100000000 rw-p 00000000 00:00 0 
7fd518000000-7fd51b515000 rw-p 00000000 00:00 0 
7fd51b515000-7fd51c000000 ---p 00000000 00:00 0 
7fd520000000-7fd523fff000 rw-p 00000000 00:00 0 
7fd523fff000-7fd524000000 ---p 00000000 00:00 0 
7fd528000000-7fd52bfe6000 rw-p 00000000 00:00 0 
7fd52bfe6000-7fd52c000000 ---p 00000000 00:00 0 
7fd530000000-7fd533ff5000 rw-p 00000000 00:00 0 
7fd533ff5000-7fd534000000 ---p 00000000 00:00 0 
7fd538000000-7fd53bfeb000 rw-p 00000000 00:00 0 
7fd53bfeb000-7fd53c000000 ---p 00000000 00:00 0 
7fd540000000-7fd543ff2000 rw-p 00000000 00:00 0 
7fd543ff2000-7fd544000000 ---p 00000000 00:00 0 
7fd548000000-7fd54bffe000 rw-p 00000000 00:00 0 
7fd54bffe000-7fd54c000000 ---p 00000000 00:00 0 
7fd550000000-7fd553fc8000 rw-p 00000000 00:00 0 
7fd553fc8000-7fd554000000 ---p 00000000 00:00 0 
7fd558000000-7fd55bfef000 rw-p 00000000 00:00 0 
7fd55bfef000-7fd55c000000 ---p 00000000 00:00 0 
7fd560000000-7fd563ff0000 rw-p 00000000 00:00 0 
7fd563ff0000-7fd564000000 ---p 00000000 00:00 0 
7fd568000000-7fd56bf71000 rw-p 00000000 00:00 0 
7fd56bf71000-7fd56c000000 ---p 00000000 00:00 0 
7fd570000000-7fd573fec000 rw-p 00000000 00:00 0 
7fd573fec000-7fd574000000 ---p 00000000 00:00 0 
7fd578000000-7fd57bfdb000 rw-p 00000000 00:00 0 
7fd57bfdb000-7fd57c000000 ---p 00000000 00:00 0 
7fd580000000-7fd580363000 rw-p 00000000 00:00 0 
7fd580363000-7fd584000000 ---p 00000000 00:00 0 
7fd584000000-7fd584362000 rw-p 00000000 00:00 0 
7fd584362000-7fd588000000 ---p 00000000 00:00 0 
7fd588000000-7fd588361000 rw-p 00000000 00:00 0 
7fd588361000-7fd58c000000 ---p 00000000 00:00 0 
7fd58c000000-7fd58c35f000 rw-p 00000000 00:00 0 
7fd58c35f000-7fd590000000 ---p 00000000 00:00 0 
7fd590000000-7fd590549000 rw-p 00000000 00:00 0 
7fd590549000-7fd594000000 ---p 00000000 00:00 0 
7fd5968eb000-7fd596932000 r-xp 00000000 08:07 3459165                    /tmp/javacpp795873154386625/libjniopencv_imgproc.so
7fd596932000-7fd596b31000 ---p 00047000 08:07 3459165                    /tmp/javacpp795873154386625/libjniopencv_imgproc.so
7fd596b31000-7fd596b32000 r--p 00046000 08:07 3459165                    /tmp/javacpp795873154386625/libjniopencv_imgproc.so
7fd596b32000-7fd596b33000 rw-p 00047000 08:07 3459165                    /tmp/javacpp795873154386625/libjniopencv_imgproc.so
7fd596b33000-7fd596b7a000 r-xp 00000000 08:07 3459164                    /tmp/javacpp795873154386625/libjniopencv_objdetect.so
7fd596b7a000-7fd596d79000 ---p 00047000 08:07 3459164                    /tmp/javacpp795873154386625/libjniopencv_objdetect.so
7fd596d79000-7fd596d7a000 r--p 00046000 08:07 3459164                    /tmp/javacpp795873154386625/libjniopencv_objdetect.so
7fd596d7a000-7fd596d7b000 rw-p 00047000 08:07 3459164                    /tmp/javacpp795873154386625/libjniopencv_objdetect.so
7fd596d7b000-7fd596dfc000 r-xp 00000000 08:07 3318118                    /usr/local/lib/libopencv_objdetect.so.2.4.9
7fd596dfc000-7fd596ffb000 ---p 00081000 08:07 3318118                    /usr/local/lib/libopencv_objdetect.so.2.4.9
7fd596ffb000-7fd596ffc000 r--p 00080000 08:07 3318118                    /usr/local/lib/libopencv_objdetect.so.2.4.9
7fd596ffc000-7fd596ffd000 rw-p 00081000 08:07 3318118                    /usr/local/lib/libopencv_objdetect.so.2.4.9
7fd596ffd000-7fd596ffe000 rw-p 00000000 00:00 0 
7fd596ffe000-7fd596fff000 ---p 00000000 00:00 0 
7fd596fff000-7fd5977ff000 rw-p 00000000 00:00 0 
7fd5977ff000-7fd597800000 ---p 00000000 00:00 0 
7fd597800000-7fd598000000 rw-p 00000000 00:00 0 
7fd598000000-7fd5982a8000 rw-p 00000000 00:00 0 
7fd5982a8000-7fd59c000000 ---p 00000000 00:00 0 
7fd59c000000-7fd59c27d000 rw-p 00000000 00:00 0 
7fd59c27d000-7fd5a0000000 ---p 00000000 00:00 0 
7fd5a04e5000-7fd5a04e6000 ---p 00000000 00:00 0 
7fd5a04e6000-7fd5a0ce6000 rw-p 00000000 00:00 0 
7fd5a0ce6000-7fd5a0ce7000 ---p 00000000 00:00 0 
7fd5a0ce7000-7fd5a14e7000 rw-p 00000000 00:00 0 
7fd5a1ce8000-7fd5a1cfb000 r-xp 00000000 08:07 3459163                    /tmp/javacpp795873154386625/libjniopencv_highgui.so
7fd5a1cfb000-7fd5a1efa000 ---p 00013000 08:07 3459163                    /tmp/javacpp795873154386625/libjniopencv_highgui.so
7fd5a1efa000-7fd5a1efb000 r--p 00012000 08:07 3459163                    /tmp/javacpp795873154386625/libjniopencv_highgui.so
7fd5a1efb000-7fd5a1efc000 rw-p 00013000 08:07 3459163                    /tmp/javacpp795873154386625/libjniopencv_highgui.so
7fd5a1efc000-7fd5a1f00000 r-xp 00000000 08:07 4063237                    /lib/x86_64-linux-gnu/libuuid.so.1.3.0
7fd5a1f00000-7fd5a20ff000 ---p 00004000 08:07 4063237                    /lib/x86_64-linux-gnu/libuuid.so.1.3.0
7fd5a20ff000-7fd5a2100000 r--p 00003000 08:07 4063237                    /lib/x86_64-linux-gnu/libuuid.so.1.3.0
7fd5a2100000-7fd5a2101000 rw-p 00004000 08:07 4063237                    /lib/x86_64-linux-gnu/libuuid.so.1.3.0
7fd5a2101000-7fd5a2160000 r-xp 00000000 08:07 3023603                    /usr/lib/x86_64-linux-gnu/libXt.so.6.0.0
7fd5a2160000-7fd5a2360000 ---p 0005f000 08:07 3023603                    /usr/lib/x86_64-linux-gnu/libXt.so.6.0.0
7fd5a2360000-7fd5a2361000 r--p 0005f000 08:07 3023603                    /usr/lib/x86_64-linux-gnu/libXt.so.6.0.0
7fd5a2361000-7fd5a2366000 rw-p 00060000 08:07 3023603                    /usr/lib/x86_64-linux-gnu/libXt.so.6.0.0
7fd5a2366000-7fd5a2367000 rw-p 00000000 00:00 0 
7fd5a2367000-7fd5a238e000 r-xp 00000000 08:07 4067280                    /lib/x86_64-linux-gnu/libexpat.so.1.6.0
7fd5a238e000-7fd5a258e000 ---p 00027000 08:07 4067280                    /lib/x86_64-linux-gnu/libexpat.so.1.6.0
7fd5a258e000-7fd5a2590000 r--p 00027000 08:07 4067280                    /lib/x86_64-linux-gnu/libexpat.so.1.6.0
7fd5a2590000-7fd5a2591000 rw-p 00029000 08:07 4067280                    /lib/x86_64-linux-gnu/libexpat.so.1.6.0
7fd5a2591000-7fd5a25a0000 r-xp 00000000 08:07 3023585                    /usr/lib/x86_64-linux-gnu/libXi.so.6.1.0
7fd5a25a0000-7fd5a279f000 ---p 0000f000 08:07 3023585                    /usr/lib/x86_64-linux-gnu/libXi.so.6.1.0
7fd5a279f000-7fd5a27a0000 r--p 0000e000 08:07 3023585                    /usr/lib/x86_64-linux-gnu/libXi.so.6.1.0
7fd5a27a0000-7fd5a27a1000 rw-p 0000f000 08:07 3023585                    /usr/lib/x86_64-linux-gnu/libXi.so.6.1.0
7fd5a27a1000-7fd5a27b8000 r-xp 00000000 08:07 3023553                    /usr/lib/x86_64-linux-gnu/libICE.so.6.3.0
7fd5a27b8000-7fd5a29b7000 ---p 00017000 08:07 3023553                    /usr/lib/x86_64-linux-gnu/libICE.so.6.3.0
7fd5a29b7000-7fd5a29b8000 r--p 00016000 08:07 3023553                    /usr/lib/x86_64-linux-gnu/libICE.so.6.3.0
7fd5a29b8000-7fd5a29b9000 rw-p 00017000 08:07 3023553                    /usr/lib/x86_64-linux-gnu/libICE.so.6.3.0
7fd5a29b9000-7fd5a29bd000 rw-p 00000000 00:00 0 
7fd5a29bd000-7fd5a29c4000 r-xp 00000000 08:07 3023556                    /usr/lib/x86_64-linux-gnu/libSM.so.6.0.1
7fd5a29c4000-7fd5a2bc3000 ---p 00007000 08:07 3023556                    /usr/lib/x86_64-linux-gnu/libSM.so.6.0.1
7fd5a2bc3000-7fd5a2bc4000 r--p 00006000 08:07 3023556                    /usr/lib/x86_64-linux-gnu/libSM.so.6.0.1
7fd5a2bc4000-7fd5a2bc5000 rw-p 00007000 08:07 3023556                    /usr/lib/x86_64-linux-gnu/libSM.so.6.0.1
7fd5a2bc5000-7fd5a2bdc000 r-xp 00000000 08:07 3016426                    /usr/lib/x86_64-linux-gnu/libaudio.so.2.4
7fd5a2bdc000-7fd5a2ddb000 ---p 00017000 08:07 3016426                    /usr/lib/x86_64-linux-gnu/libaudio.so.2.4
7fd5a2ddb000-7fd5a2ddc000 r--p 00016000 08:07 3016426                    /usr/lib/x86_64-linux-gnu/libaudio.so.2.4
7fd5a2ddc000-7fd5a2ddd000 rw-p 00017000 08:07 3016426                    /usr/lib/x86_64-linux-gnu/libaudio.so.2.4
7fd5a2ddd000-7fd5a2e17000 r-xp 00000000 08:07 3020071                    /usr/lib/x86_64-linux-gnu/libfontconfig.so.1.8.0
7fd5a2e17000-7fd5a3016000 ---p 0003a000 08:07 3020071                    /usr/lib/x86_64-linux-gnu/libfontconfig.so.1.8.0
7fd5a3016000-7fd5a3018000 r--p 00039000 08:07 3020071                    /usr/lib/x86_64-linux-gnu/libfontconfig.so.1.8.0
7fd5a3018000-7fd5a3019000 rw-p 0003b000 08:07 3020071                    /usr/lib/x86_64-linux-gnu/libfontconfig.so.1.8.0
7fd5a3019000-7fd5a3022000 r-xp 00000000 08:07 3023599                    /usr/lib/x86_64-linux-gnu/libXrender.so.1.3.0
7fd5a3022000-7fd5a3221000 ---p 00009000 08:07 3023599                    /usr/lib/x86_64-linux-gnu/libXrender.so.1.3.0
7fd5a3221000-7fd5a3222000 r--p 00008000 08:07 3023599                    /usr/lib/x86_64-linux-gnu/libXrender.so.1.3.0
7fd5a3222000-7fd5a3223000 rw-p 00009000 08:07 3023599                    /usr/lib/x86_64-linux-gnu/libXrender.so.1.3.0
7fd5a3223000-7fd5a32c0000 r-xp 00000000 08:07 3020073                    /usr/lib/x86_64-linux-gnu/libfreetype.so.6.11.1
7fd5a32c0000-7fd5a34bf000 ---p 0009d000 08:07 3020073                    /usr/lib/x86_64-linux-gnu/libfreetype.so.6.11.1
7fd5a34bf000-7fd5a34c5000 r--p 0009c000 08:07 3020073                    /usr/lib/x86_64-linux-gnu/libfreetype.so.6.11.1
7fd5a34c5000-7fd5a34c6000 rw-p 000a2000 08:07 3020073                    /usr/lib/x86_64-linux-gnu/libfreetype.so.6.11.1
7fd5a34c6000-7fd5a34d1000 r-xp 00000000 08:07 3017948                    /usr/lib/x86_64-linux-gnu/libjbig.so.0
7fd5a34d1000-7fd5a36d0000 ---p 0000b000 08:07 3017948                    /usr/lib/x86_64-linux-gnu/libjbig.so.0
7fd5a36d0000-7fd5a36d1000 r--p 0000a000 08:07 3017948                    /usr/lib/x86_64-linux-gnu/libjbig.so.0
7fd5a36d1000-7fd5a36d4000 rw-p 0000b000 08:07 3017948                    /usr/lib/x86_64-linux-gnu/libjbig.so.0
7fd5a36d4000-7fd5a36f5000 r-xp 00000000 08:07 4067305                    /lib/x86_64-linux-gnu/liblzma.so.5.0.0
7fd5a36f5000-7fd5a38f4000 ---p 00021000 08:07 4067305                    /lib/x86_64-linux-gnu/liblzma.so.5.0.0
7fd5a38f4000-7fd5a38f5000 r--p 00020000 08:07 4067305                    /lib/x86_64-linux-gnu/liblzma.so.5.0.0
7fd5a38f5000-7fd5a38f6000 rw-p 00021000 08:07 4067305                    /lib/x86_64-linux-gnu/liblzma.so.5.0.0
7fd5a38f6000-7fd5a3bce000 r-xp 00000000 08:07 3016483                    /usr/lib/x86_64-linux-gnu/libQtCore.so.4.8.6
7fd5a3bce000-7fd5a3dce000 ---p 002d8000 08:07 3016483                    /usr/lib/x86_64-linux-gnu/libQtCore.so.4.8.6
7fd5a3dce000-7fd5a3dd9000 r--p 002d8000 08:07 3016483                    /usr/lib/x86_64-linux-gnu/libQtCore.so.4.8.6
7fd5a3dd9000-7fd5a3dda000 rw-p 002e3000 08:07 3016483                    /usr/lib/x86_64-linux-gnu/libQtCore.so.4.8.6
7fd5a3dda000-7fd5a3ddb000 rw-p 00000000 00:00 0 
7fd5a3ddb000-7fd5a3dff000 r-xp 00000000 08:07 3242985                    /usr/lib/x86_64-linux-gnu/libQtTest.so.4.8.6
7fd5a3dff000-7fd5a3ffe000 ---p 00024000 08:07 3242985                    /usr/lib/x86_64-linux-gnu/libQtTest.so.4.8.6
7fd5a3ffe000-7fd5a3fff000 r--p 00023000 08:07 3242985                    /usr/lib/x86_64-linux-gnu/libQtTest.so.4.8.6
7fd5a3fff000-7fd5a4000000 rw-p 00024000 08:07 3242985                    /usr/lib/x86_64-linux-gnu/libQtTest.so.4.8.6
7fd5a4000000-7fd5a427c000 rw-p 00000000 00:00 0 
7fd5a427c000-7fd5a8000000 ---p 00000000 00:00 0 
7fd5a8000000-7fd5a827f000 rw-p 00000000 00:00 0 
7fd5a827f000-7fd5ac000000 ---p 00000000 00:00 0 
7fd5ac000000-7fd5ac27d000 rw-p 00000000 00:00 0 
7fd5ac27d000-7fd5b0000000 ---p 00000000 00:00 0 
7fd5b0029000-7fd5b0a8f000 r-xp 00000000 08:07 3016538                    /usr/lib/x86_64-linux-gnu/libQtGui.so.4.8.6
7fd5b0a8f000-7fd5b0c8f000 ---p 00a66000 08:07 3016538                    /usr/lib/x86_64-linux-gnu/libQtGui.so.4.8.6
7fd5b0c8f000-7fd5b0cd1000 r--p 00a66000 08:07 3016538                    /usr/lib/x86_64-linux-gnu/libQtGui.so.4.8.6
7fd5b0cd1000-7fd5b0cd8000 rw-p 00aa8000 08:07 3016538                    /usr/lib/x86_64-linux-gnu/libQtGui.so.4.8.6
7fd5b0cd8000-7fd5b0cdc000 rw-p 00000000 00:00 0 
7fd5b0cdc000-7fd5b0dd1000 r-xp 00000000 08:07 3016549                    /usr/lib/x86_64-linux-gnu/libQtOpenGL.so.4.8.6
7fd5b0dd1000-7fd5b0fd0000 ---p 000f5000 08:07 3016549                    /usr/lib/x86_64-linux-gnu/libQtOpenGL.so.4.8.6
7fd5b0fd0000-7fd5b0fd4000 r--p 000f4000 08:07 3016549                    /usr/lib/x86_64-linux-gnu/libQtOpenGL.so.4.8.6
7fd5b0fd4000-7fd5b0fd9000 rw-p 000f8000 08:07 3016549                    /usr/lib/x86_64-linux-gnu/libQtOpenGL.so.4.8.6
7fd5b0fd9000-7fd5b0fda000 rw-p 00000000 00:00 0 
7fd5b0fda000-7fd5b1026000 r-xp 00000000 08:07 3024145                    /usr/lib/x86_64-linux-gnu/libjasper.so.1.0.0
7fd5b1026000-7fd5b1225000 ---p 0004c000 08:07 3024145                    /usr/lib/x86_64-linux-gnu/libjasper.so.1.0.0
7fd5b1225000-7fd5b1226000 r--p 0004b000 08:07 3024145                    /usr/lib/x86_64-linux-gnu/libjasper.so.1.0.0
7fd5b1226000-7fd5b122a000 rw-p 0004c000 08:07 3024145                    /usr/lib/x86_64-linux-gnu/libjasper.so.1.0.0
7fd5b122a000-7fd5b1231000 rw-p 00000000 00:00 0 
7fd5b1231000-7fd5b129f000 r-xp 00000000 08:07 3017949                    /usr/lib/x86_64-linux-gnu/libtiff.so.5.2.0
7fd5b129f000-7fd5b149f000 ---p 0006e000 08:07 3017949                    /usr/lib/x86_64-linux-gnu/libtiff.so.5.2.0
7fd5b149f000-7fd5b14a0000 r--p 0006e000 08:07 3017949                    /usr/lib/x86_64-linux-gnu/libtiff.so.5.2.0
7fd5b14a0000-7fd5b14a3000 rw-p 0006f000 08:07 3017949                    /usr/lib/x86_64-linux-gnu/libtiff.so.5.2.0
7fd5b14a3000-7fd5b14c8000 r-xp 00000000 08:07 4067374                    /lib/x86_64-linux-gnu/libpng12.so.0.50.0
7fd5b14c8000-7fd5b16c7000 ---p 00025000 08:07 4067374                    /lib/x86_64-linux-gnu/libpng12.so.0.50.0
7fd5b16c7000-7fd5b16c8000 r--p 00024000 08:07 4067374                    /lib/x86_64-linux-gnu/libpng12.so.0.50.0
7fd5b16c8000-7fd5b16c9000 rw-p 00025000 08:07 4067374                    /lib/x86_64-linux-gnu/libpng12.so.0.50.0
7fd5b16c9000-7fd5b170c000 r-xp 00000000 08:07 3024150                    /usr/lib/x86_64-linux-gnu/libjpeg.so.8.0.2
7fd5b170c000-7fd5b190c000 ---p 00043000 08:07 3024150                    /usr/lib/x86_64-linux-gnu/libjpeg.so.8.0.2
7fd5b190c000-7fd5b190d000 r--p 00043000 08:07 3024150                    /usr/lib/x86_64-linux-gnu/libjpeg.so.8.0.2
7fd5b190d000-7fd5b190e000 rw-p 00044000 08:07 3024150                    /usr/lib/x86_64-linux-gnu/libjpeg.so.8.0.2
7fd5b190e000-7fd5b191e000 rw-p 00000000 00:00 0 
7fd5b191e000-7fd5b1a9a000 r-xp 00000000 08:07 3318080                    /usr/local/lib/libopencv_highgui.so.2.4.9
7fd5b1a9a000-7fd5b1c9a000 ---p 0017c000 08:07 3318080                    /usr/local/lib/libopencv_highgui.so.2.4.9
7fd5b1c9a000-7fd5b1ca3000 r--p 0017c000 08:07 3318080                    /usr/local/lib/libopencv_highgui.so.2.4.9
7fd5b1ca3000-7fd5b1ca6000 rw-p 00185000 08:07 3318080                    /usr/local/lib/libopencv_highgui.so.2.4.9
7fd5b1ca6000-7fd5b1ca7000 rw-p 00000000 00:00 0 
7fd5b1ca7000-7fd5b1ef2000 r-xp 00000000 08:07 3318073                    /usr/local/lib/libopencv_imgproc.so.2.4.9
7fd5b1ef2000-7fd5b20f2000 ---p 0024b000 08:07 3318073                    /usr/local/lib/libopencv_imgproc.so.2.4.9
7fd5b20f2000-7fd5b20f9000 r--p 0024b000 08:07 3318073                    /usr/local/lib/libopencv_imgproc.so.2.4.9
7fd5b20f9000-7fd5b20fb000 rw-p 00252000 08:07 3318073                    /usr/local/lib/libopencv_imgproc.so.2.4.9
7fd5b20fb000-7fd5b2190000 rw-p 00000000 00:00 0 
7fd5b2190000-7fd5b21a1000 r-xp 00000000 08:07 3459162                    /tmp/javacpp795873154386625/libjniswscale.so
7fd5b21a1000-7fd5b23a0000 ---p 00011000 08:07 3459162                    /tmp/javacpp795873154386625/libjniswscale.so
7fd5b23a0000-7fd5b23a1000 r--p 00010000 08:07 3459162                    /tmp/javacpp795873154386625/libjniswscale.so
7fd5b23a1000-7fd5b23a2000 rw-p 00011000 08:07 3459162                    /tmp/javacpp795873154386625/libjniswscale.so
7fd5b23a2000-7fd5b244b000 r-xp 00000000 08:07 3459161                    /tmp/javacpp795873154386625/libjniopencv_core.so
7fd5b244b000-7fd5b264b000 ---p 000a9000 08:07 3459161                    /tmp/javacpp795873154386625/libjniopencv_core.so
7fd5b264b000-7fd5b264c000 r--p 000a9000 08:07 3459161                    /tmp/javacpp795873154386625/libjniopencv_core.so
7fd5b264c000-7fd5b264d000 rw-p 000aa000 08:07 3459161                    /tmp/javacpp795873154386625/libjniopencv_core.so
7fd5b264d000-7fd5b264e000 rw-p 00000000 00:00 0 
7fd5b264e000-7fd5b2659000 r-xp 00000000 08:07 3023797                    /usr/lib/x86_64-linux-gnu/libdrm.so.2.4.0
7fd5b2659000-7fd5b2858000 ---p 0000b000 08:07 3023797                    /usr/lib/x86_64-linux-gnu/libdrm.so.2.4.0
7fd5b2858000-7fd5b2859000 r--p 0000a000 08:07 3023797                    /usr/lib/x86_64-linux-gnu/libdrm.so.2.4.0
7fd5b2859000-7fd5b285a000 rw-p 0000b000 08:07 3023797                    /usr/lib/x86_64-linux-gnu/libdrm.so.2.4.0
7fd5b285a000-7fd5b285e000 r-xp 00000000 08:07 3023615                    /usr/lib/x86_64-linux-gnu/libXxf86vm.so.1.0.0
7fd5b285e000-7fd5b2a5e000 ---p 00004000 08:07 3023615                    /usr/lib/x86_64-linux-gnu/libXxf86vm.so.1.0.0
7fd5b2a5e000-7fd5b2a5f000 r--p 00004000 08:07 3023615                    /usr/lib/x86_64-linux-gnu/libXxf86vm.so.1.0.0
7fd5b2a5f000-7fd5b2a60000 rw-p 00005000 08:07 3023615                    /usr/lib/x86_64-linux-gnu/libXxf86vm.so.1.0.0
7fd5b2a60000-7fd5b2a61000 r-xp 00000000 08:07 3024599                    /usr/lib/x86_64-linux-gnu/libxshmfence.so.1.0.0
7fd5b2a61000-7fd5b2c60000 ---p 00001000 08:07 3024599                    /usr/lib/x86_64-linux-gnu/libxshmfence.so.1.0.0
7fd5b2c60000-7fd5b2c61000 r--p 00000000 08:07 3024599                    /usr/lib/x86_64-linux-gnu/libxshmfence.so.1.0.0
7fd5b2c61000-7fd5b2c62000 rw-p 00001000 08:07 3024599                    /usr/lib/x86_64-linux-gnu/libxshmfence.so.1.0.0
7fd5b2c62000-7fd5b2c67000 r-xp 00000000 08:07 3024581                    /usr/lib/x86_64-linux-gnu/libxcb-sync.so.1.0.0
7fd5b2c67000-7fd5b2e66000 ---p 00005000 08:07 3024581                    /usr/lib/x86_64-linux-gnu/libxcb-sync.so.1.0.0
7fd5b2e66000-7fd5b2e67000 r--p 00004000 08:07 3024581                    /usr/lib/x86_64-linux-gnu/libxcb-sync.so.1.0.0
7fd5b2e67000-7fd5b2e68000 rw-p 00005000 08:07 3024581                    /usr/lib/x86_64-linux-gnu/libxcb-sync.so.1.0.0
7fd5b2e68000-7fd5b2e6a000 r-xp 00000000 08:07 3024573                    /usr/lib/x86_64-linux-gnu/libxcb-present.so.0.0.0
7fd5b2e6a000-7fd5b3069000 ---p 00002000 08:07 3024573                    /usr/lib/x86_64-linux-gnu/libxcb-present.so.0.0.0
7fd5b3069000-7fd5b306a000 r--p 00001000 08:07 3024573                    /usr/lib/x86_64-linux-gnu/libxcb-present.so.0.0.0
7fd5b306a000-7fd5b306b000 rw-p 00002000 08:07 3024573                    /usr/lib/x86_64-linux-gnu/libxcb-present.so.0.0.0
7fd5b306b000-7fd5b306d000 r-xp 00000000 08:07 3024563                    /usr/lib/x86_64-linux-gnu/libxcb-dri3.so.0.0.0
7fd5b306d000-7fd5b326c000 ---p 00002000 08:07 3024563                    /usr/lib/x86_64-linux-gnu/libxcb-dri3.so.0.0.0
7fd5b326c000-7fd5b326d000 r--p 00001000 08:07 3024563                    /usr/lib/x86_64-linux-gnu/libxcb-dri3.so.0.0.0
7fd5b326d000-7fd5b326e000 rw-p 00002000 08:07 3024563                    /usr/lib/x86_64-linux-gnu/libxcb-dri3.so.0.0.0
7fd5b326e000-7fd5b3271000 r-xp 00000000 08:07 3024561                    /usr/lib/x86_64-linux-gnu/libxcb-dri2.so.0.0.0
7fd5b3271000-7fd5b3471000 ---p 00003000 08:07 3024561                    /usr/lib/x86_64-linux-gnu/libxcb-dri2.so.0.0.0
7fd5b3471000-7fd5b3472000 r--p 00003000 08:07 3024561                    /usr/lib/x86_64-linux-gnu/libxcb-dri2.so.0.0.0
7fd5b3472000-7fd5b3473000 rw-p 00004000 08:07 3024561                    /usr/lib/x86_64-linux-gnu/libxcb-dri2.so.0.0.0
7fd5b3473000-7fd5b3488000 r-xp 00000000 08:07 3024565                    /usr/lib/x86_64-linux-gnu/libxcb-glx.so.0.0.0
7fd5b3488000-7fd5b3687000 ---p 00015000 08:07 3024565                    /usr/lib/x86_64-linux-gnu/libxcb-glx.so.0.0.0
7fd5b3687000-7fd5b3689000 r--p 00014000 08:07 3024565                    /usr/lib/x86_64-linux-gnu/libxcb-glx.so.0.0.0
7fd5b3689000-7fd5b368a000 rw-p 00016000 08:07 3024565                    /usr/lib/x86_64-linux-gnu/libxcb-glx.so.0.0.0
7fd5b368a000-7fd5b368b000 r-xp 00000000 08:07 3023558                    /usr/lib/x86_64-linux-gnu/libX11-xcb.so.1.0.0
7fd5b368b000-7fd5b388a000 ---p 00001000 08:07 3023558                    /usr/lib/x86_64-linux-gnu/libX11-xcb.so.1.0.0
7fd5b388a000-7fd5b388b000 r--p 00000000 08:07 3023558                    /usr/lib/x86_64-linux-gnu/libX11-xcb.so.1.0.0
7fd5b388b000-7fd5b388c000 rw-p 00001000 08:07 3023558                    /usr/lib/x86_64-linux-gnu/libX11-xcb.so.1.0.0
7fd5b388c000-7fd5b3891000 r-xp 00000000 08:07 3023579                    /usr/lib/x86_64-linux-gnu/libXfixes.so.3.1.0
7fd5b3891000-7fd5b3a90000 ---p 00005000 08:07 3023579                    /usr/lib/x86_64-linux-gnu/libXfixes.so.3.1.0
7fd5b3a90000-7fd5b3a91000 r--p 00004000 08:07 3023579                    /usr/lib/x86_64-linux-gnu/libXfixes.so.3.1.0
7fd5b3a91000-7fd5b3a92000 rw-p 00005000 08:07 3023579                    /usr/lib/x86_64-linux-gnu/libXfixes.so.3.1.0
7fd5b3a92000-7fd5b3a94000 r-xp 00000000 08:07 3023573                    /usr/lib/x86_64-linux-gnu/libXdamage.so.1.1.0
7fd5b3a94000-7fd5b3c93000 ---p 00002000 08:07 3023573                    /usr/lib/x86_64-linux-gnu/libXdamage.so.1.1.0
7fd5b3c93000-7fd5b3c94000 r--p 00001000 08:07 3023573                    /usr/lib/x86_64-linux-gnu/libXdamage.so.1.1.0
7fd5b3c94000-7fd5b3c95000 rw-p 00002000 08:07 3023573                    /usr/lib/x86_64-linux-gnu/libXdamage.so.1.1.0
7fd5b3c95000-7fd5b3cb7000 r-xp 00000000 08:07 3020068                    /usr/lib/x86_64-linux-gnu/libglapi.so.0.0.0
7fd5b3cb7000-7fd5b3eb7000 ---p 00022000 08:07 3020068                    /usr/lib/x86_64-linux-gnu/libglapi.so.0.0.0
7fd5b3eb7000-7fd5b3eba000 r--p 00022000 08:07 3020068                    /usr/lib/x86_64-linux-gnu/libglapi.so.0.0.0
7fd5b3eba000-7fd5b3ebb000 rw-p 00025000 08:07 3020068                    /usr/lib/x86_64-linux-gnu/libglapi.so.0.0.0
7fd5b3ebb000-7fd5b3ebc000 rw-p 00000000 00:00 0 
7fd5b3ebc000-7fd5b3f1e000 r-xp 00000000 08:07 3278493                    /usr/lib/x86_64-linux-gnu/mesa/libGL.so.1.2.0
7fd5b3f1e000-7fd5b411d000 ---p 00062000 08:07 3278493                    /usr/lib/x86_64-linux-gnu/mesa/libGL.so.1.2.0
7fd5b411d000-7fd5b4120000 r--p 00061000 08:07 3278493                    /usr/lib/x86_64-linux-gnu/mesa/libGL.so.1.2.0
7fd5b4120000-7fd5b4121000 rw-p 00064000 08:07 3278493                    /usr/lib/x86_64-linux-gnu/mesa/libGL.so.1.2.0
7fd5b4121000-7fd5b4122000 rw-p 00000000 00:00 0 
7fd5b4122000-7fd5b43ac000 r-xp 00000000 08:07 3318014                    /usr/local/lib/libopencv_core.so.2.4.9
7fd5b43ac000-7fd5b45ac000 ---p 0028a000 08:07 3318014                    /usr/local/lib/libopencv_core.so.2.4.9
7fd5b45ac000-7fd5b45b0000 r--p 0028a000 08:07 3318014                    /usr/local/lib/libopencv_core.so.2.4.9
7fd5b45b0000-7fd5b45b9000 rw-p 0028e000 08:07 3318014                    /usr/local/lib/libopencv_core.so.2.4.9
7fd5b45b9000-7fd5b45bb000 rw-p 00000000 00:00 0 
7fd5b7064000-7fd5b70ca000 r-xp 00000000 08:07 3459160                    /tmp/javacpp795873154386625/libjniavformat.so
7fd5b70ca000-7fd5b72ca000 ---p 00066000 08:07 3459160                    /tmp/javacpp795873154386625/libjniavformat.so
7fd5b72ca000-7fd5b72cb000 r--p 00066000 08:07 3459160                    /tmp/javacpp795873154386625/libjniavformat.so
7fd5b72cb000-7fd5b72cc000 rw-p 00067000 08:07 3459160                    /tmp/javacpp795873154386625/libjniavformat.so
7fd5b72cc000-7fd5b72d4000 r-xp 00000000 08:07 3459157                    /tmp/javacpp795873154386625/libjniavdevice.so
7fd5b72d4000-7fd5b74d3000 ---p 00008000 08:07 3459157                    /tmp/javacpp795873154386625/libjniavdevice.so
7fd5b74d3000-7fd5b74d4000 r--p 00007000 08:07 3459157                    /tmp/javacpp795873154386625/libjniavdevice.so
7fd5b74d4000-7fd5b74d5000 rw-p 00008000 08:07 3459157                    /tmp/javacpp795873154386625/libjniavdevice.so
7fd5b74d5000-7fd5b74da000 r-xp 00000000 08:07 3023575                    /usr/lib/x86_64-linux-gnu/libXdmcp.so.6.0.0
7fd5b74da000-7fd5b76d9000 ---p 00005000 08:07 3023575                    /usr/lib/x86_64-linux-gnu/libXdmcp.so.6.0.0
7fd5b76d9000-7fd5b76da000 r--p 00004000 08:07 3023575                    /usr/lib/x86_64-linux-gnu/libXdmcp.so.6.0.0
7fd5b76da000-7fd5b76db000 rw-p 00005000 08:07 3023575                    /usr/lib/x86_64-linux-gnu/libXdmcp.so.6.0.0
7fd5b76db000-7fd5b76dd000 r-xp 00000000 08:07 3023564                    /usr/lib/x86_64-linux-gnu/libXau.so.6.0.0
7fd5b76dd000-7fd5b78dd000 ---p 00002000 08:07 3023564                    /usr/lib/x86_64-linux-gnu/libXau.so.6.0.0
7fd5b78dd000-7fd5b78de000 r--p 00002000 08:07 3023564                    /usr/lib/x86_64-linux-gnu/libXau.so.6.0.0
7fd5b78de000-7fd5b78df000 rw-p 00003000 08:07 3023564                    /usr/lib/x86_64-linux-gnu/libXau.so.6.0.0
7fd5b78df000-7fd5b78fc000 r-xp 00000000 08:07 3024591                    /usr/lib/x86_64-linux-gnu/libxcb.so.1.1.0
7fd5b78fc000-7fd5b7afc000 ---p 0001d000 08:07 3024591                    /usr/lib/x86_64-linux-gnu/libxcb.so.1.1.0
7fd5b7afc000-7fd5b7afd000 r--p 0001d000 08:07 3024591                    /usr/lib/x86_64-linux-gnu/libxcb.so.1.1.0
7fd5b7afd000-7fd5b7afe000 rw-p 0001e000 08:07 3024591                    /usr/lib/x86_64-linux-gnu/libxcb.so.1.1.0
7fd5b7afe000-7fd5b7be7000 r-xp 00000000 08:07 3023643                    /usr/lib/x86_64-linux-gnu/libasound.so.2.0.0
7fd5b7be7000-7fd5b7de6000 ---p 000e9000 08:07 3023643                    /usr/lib/x86_64-linux-gnu/libasound.so.2.0.0
7fd5b7de6000-7fd5b7ded000 r--p 000e8000 08:07 3023643                    /usr/lib/x86_64-linux-gnu/libasound.so.2.0.0
7fd5b7ded000-7fd5b7dee000 rw-p 000ef000 08:07 3023643                    /usr/lib/x86_64-linux-gnu/libasound.so.2.0.0
7fd5b7dee000-7fd5b7dff000 r-xp 00000000 08:07 3023577                    /usr/lib/x86_64-linux-gnu/libXext.so.6.4.0
7fd5b7dff000-7fd5b7ffe000 ---p 00011000 08:07 3023577                    /usr/lib/x86_64-linux-gnu/libXext.so.6.4.0
7fd5b7ffe000-7fd5b7fff000 r--p 00010000 08:07 3023577                    /usr/lib/x86_64-linux-gnu/libXext.so.6.4.0
7fd5b7fff000-7fd5b8000000 rw-p 00011000 08:07 3023577                    /usr/lib/x86_64-linux-gnu/libXext.so.6.4.0
7fd5b8000000-7fd5b8021000 rw-p 00000000 00:00 0 
7fd5b8021000-7fd5bc000000 ---p 00000000 00:00 0 
7fd5bc000000-7fd5bc2f3000 rw-p 00000000 00:00 0 
7fd5bc2f3000-7fd5c0000000 ---p 00000000 00:00 0 
7fd5c0000000-7fd5c3fd0000 rw-p 00000000 00:00 0 
7fd5c3fd0000-7fd5c4000000 ---p 00000000 00:00 0 
7fd5c4000000-7fd5c4021000 rw-p 00000000 00:00 0 
7fd5c4021000-7fd5c8000000 ---p 00000000 00:00 0 
7fd5c8000000-7fd5c8021000 rw-p 00000000 00:00 0 
7fd5c8021000-7fd5cc000000 ---p 00000000 00:00 0 
7fd5cc000000-7fd5cc021000 rw-p 00000000 00:00 0 
7fd5cc021000-7fd5d0000000 ---p 00000000 00:00 0 
7fd5d0000000-7fd5d0ea3000 rw-p 00000000 00:00 0 
7fd5d0ea3000-7fd5d4000000 ---p 00000000 00:00 0 
7fd5d4000000-7fd5d4021000 rw-p 00000000 00:00 0 
7fd5d4021000-7fd5d8000000 ---p 00000000 00:00 0 
7fd5d8000000-7fd5d8021000 rw-p 00000000 00:00 0 
7fd5d8021000-7fd5dc000000 ---p 00000000 00:00 0 
7fd5dc000000-7fd5dcc18000 rw-p 00000000 00:00 0 
7fd5dcc18000-7fd5e0000000 ---p 00000000 00:00 0 
7fd5e0000000-7fd5e0021000 rw-p 00000000 00:00 0 
7fd5e0021000-7fd5e4000000 ---p 00000000 00:00 0 
7fd5e4000000-7fd5e4021000 rw-p 00000000 00:00 0 
7fd5e4021000-7fd5e8000000 ---p 00000000 00:00 0 
7fd5e8000000-7fd5e8021000 rw-p 00000000 00:00 0 
7fd5e8021000-7fd5ec000000 ---p 00000000 00:00 0 
7fd5ec000000-7fd5ec021000 rw-p 00000000 00:00 0 
7fd5ec021000-7fd5f0000000 ---p 00000000 00:00 0 
7fd5f0000000-7fd5f0021000 rw-p 00000000 00:00 0 
7fd5f0021000-7fd5f4000000 ---p 00000000 00:00 0 
7fd5f416b000-7fd5f429b000 r-xp 00000000 08:07 3023560                    /usr/lib/x86_64-linux-gnu/libX11.so.6.3.0
7fd5f429b000-7fd5f449b000 ---p 00130000 08:07 3023560                    /usr/lib/x86_64-linux-gnu/libX11.so.6.3.0
7fd5f449b000-7fd5f449c000 r--p 00130000 08:07 3023560                    /usr/lib/x86_64-linux-gnu/libX11.so.6.3.0
7fd5f449c000-7fd5f44a0000 rw-p 00131000 08:07 3023560                    /usr/lib/x86_64-linux-gnu/libX11.so.6.3.0
7fd5f44a0000-7fd5f44a4000 r-xp 00000000 08:07 3023607                    /usr/lib/x86_64-linux-gnu/libXv.so.1.0.0
7fd5f44a4000-7fd5f46a3000 ---p 00004000 08:07 3023607                    /usr/lib/x86_64-linux-gnu/libXv.so.1.0.0
7fd5f46a3000-7fd5f46a4000 r--p 00003000 08:07 3023607                    /usr/lib/x86_64-linux-gnu/libXv.so.1.0.0
7fd5f46a4000-7fd5f46a5000 rw-p 00004000 08:07 3023607                    /usr/lib/x86_64-linux-gnu/libXv.so.1.0.0
7fd5f46a5000-7fd5f46b2000 r-xp 00000000 08:07 3459156                    /tmp/javacpp795873154386625/libavdevice.so.55
7fd5f46b2000-7fd5f48b1000 ---p 0000d000 08:07 3459156                    /tmp/javacpp795873154386625/libavdevice.so.55
7fd5f48b1000-7fd5f48b3000 r--p 0000c000 08:07 3459156                    /tmp/javacpp795873154386625/libavdevice.so.55
7fd5f48b3000-7fd5f48b4000 rw-p 0000e000 08:07 3459156                    /tmp/javacpp795873154386625/libavdevice.so.55
7fd5f48b4000-7fd5f497e000 r-xp 00000000 08:07 3459155                    /tmp/javacpp795873154386625/libavfilter.so.3
7fd5f497e000-7fd5f4b7d000 ---p 000ca000 08:07 3459155                    /tmp/javacpp795873154386625/libavfilter.so.3
7fd5f4b7d000-7fd5f4ba5000 r--p 000c9000 08:07 3459155                    /tmp/javacpp795873154386625/libavfilter.so.3
7fd5f4ba5000-7fd5f4bab000 rw-p 000f1000 08:07 3459155                    /tmp/javacpp795873154386625/libavfilter.so.3
7fd5f4bab000-7fd5f4bad000 rw-p 00000000 00:00 0 
7fd5f4bad000-7fd5f4c07000 r-xp 00000000 08:07 3459154                    /tmp/javacpp795873154386625/libswscale.so.2
7fd5f4c07000-7fd5f4e07000 ---p 0005a000 08:07 3459154                    /tmp/javacpp795873154386625/libswscale.so.2
7fd5f4e07000-7fd5f4e08000 r--p 0005a000 08:07 3459154                    /tmp/javacpp795873154386625/libswscale.so.2
7fd5f4e08000-7fd5f4e09000 rw-p 0005b000 08:07 3459154                    /tmp/javacpp795873154386625/libswscale.so.2
7fd5f4e09000-7fd5f4e11000 rw-p 00000000 00:00 0 
7fd5f4e11000-7fd5f4e26000 r-xp 00000000 08:07 3459153                    /tmp/javacpp795873154386625/libswresample.so.0
7fd5f4e26000-7fd5f5025000 ---p 00015000 08:07 3459153                    /tmp/javacpp795873154386625/libswresample.so.0
7fd5f5025000-7fd5f5027000 r--p 00014000 08:07 3459153                    /tmp/javacpp795873154386625/libswresample.so.0
7fd5f5027000-7fd5f5028000 rw-p 00016000 08:07 3459153                    /tmp/javacpp795873154386625/libswresample.so.0
7fd5f5028000-7fd5f5045000 r-xp 00000000 08:07 3459152                    /tmp/javacpp795873154386625/libpostproc.so.52
7fd5f5045000-7fd5f5244000 ---p 0001d000 08:07 3459152                    /tmp/javacpp795873154386625/libpostproc.so.52
7fd5f5244000-7fd5f5245000 r--p 0001c000 08:07 3459152                    /tmp/javacpp795873154386625/libpostproc.so.52
7fd5f5245000-7fd5f5246000 rw-p 0001d000 08:07 3459152                    /tmp/javacpp795873154386625/libpostproc.so.52
7fd5f5246000-7fd5f5255000 r-xp 00000000 08:07 4067257                    /lib/x86_64-linux-gnu/libbz2.so.1.0.4
7fd5f5255000-7fd5f5454000 ---p 0000f000 08:07 4067257                    /lib/x86_64-linux-gnu/libbz2.so.1.0.4
7fd5f5454000-7fd5f5455000 r--p 0000e000 08:07 4067257                    /lib/x86_64-linux-gnu/libbz2.so.1.0.4
7fd5f5455000-7fd5f5456000 rw-p 0000f000 08:07 4067257                    /lib/x86_64-linux-gnu/libbz2.so.1.0.4
7fd5f5475000-7fd5f55d3000 r-xp 00000000 08:07 3459151                    /tmp/javacpp795873154386625/libavformat.so.55
7fd5f55d3000-7fd5f57d3000 ---p 0015e000 08:07 3459151                    /tmp/javacpp795873154386625/libavformat.so.55
7fd5f57d3000-7fd5f57e0000 r--p 0015e000 08:07 3459151                    /tmp/javacpp795873154386625/libavformat.so.55
7fd5f57e0000-7fd5f57ef000 rw-p 0016b000 08:07 3459151                    /tmp/javacpp795873154386625/libavformat.so.55
7fd5f57ef000-7fd5f585f000 r-xp 00000000 08:07 3459145                    /tmp/javacpp795873154386625/libjniavutil.so
7fd5f585f000-7fd5f5a5f000 ---p 00070000 08:07 3459145                    /tmp/javacpp795873154386625/libjniavutil.so
7fd5f5a5f000-7fd5f5a60000 r--p 00070000 08:07 3459145                    /tmp/javacpp795873154386625/libjniavutil.so
7fd5f5a60000-7fd5f5a61000 rw-p 00071000 08:07 3459145                    /tmp/javacpp795873154386625/libjniavutil.so
7fd5f5a61000-7fd5f5aec000 r-xp 00000000 08:07 3457098                    /tmp/javacpp795873154386625/libjniavcodec.so
7fd5f5aec000-7fd5f5ceb000 ---p 0008b000 08:07 3457098                    /tmp/javacpp795873154386625/libjniavcodec.so
7fd5f5ceb000-7fd5f5cec000 r--p 0008a000 08:07 3457098                    /tmp/javacpp795873154386625/libjniavcodec.so
7fd5f5cec000-7fd5f5ced000 rw-p 0008b000 08:07 3457098                    /tmp/javacpp795873154386625/libjniavcodec.so
7fd5f5ced000-7fd5f6551000 r-xp 00000000 08:07 3457097                    /tmp/javacpp795873154386625/libavcodec.so.55
7fd5f6551000-7fd5f6751000 ---p 00864000 08:07 3457097                    /tmp/javacpp795873154386625/libavcodec.so.55
7fd5f6751000-7fd5f676d000 r--p 00864000 08:07 3457097                    /tmp/javacpp795873154386625/libavcodec.so.55
7fd5f676d000-7fd5f678a000 rw-p 00880000 08:07 3457097                    /tmp/javacpp795873154386625/libavcodec.so.55
7fd5f678a000-7fd5f6de4000 rw-p 00000000 00:00 0 
7fd5f6de4000-7fd5f6e20000 r-xp 00000000 08:07 3457096                    /tmp/javacpp795873154386625/libavutil.so.52
7fd5f6e20000-7fd5f701f000 ---p 0003c000 08:07 3457096                    /tmp/javacpp795873154386625/libavutil.so.52
7fd5f701f000-7fd5f7024000 r--p 0003b000 08:07 3457096                    /tmp/javacpp795873154386625/libavutil.so.52
7fd5f7024000-7fd5f7025000 rw-p 00040000 08:07 3457096                    /tmp/javacpp795873154386625/libavutil.so.52
7fd5f7025000-7fd5f7035000 rw-p 00000000 00:00 0 
7fd5f7035000-7fd5f7038000 ---p 00000000 00:00 0 
7fd5f7038000-7fd5f7136000 rw-p 00000000 00:00 0                          [stack:21139]
7fd5f716f000-7fd5f7172000 ---p 00000000 00:00 0 
7fd5f7172000-7fd5f7270000 rw-p 00000000 00:00 0                          [stack:21126]
7fd5f7270000-7fd5f7273000 ---p 00000000 00:00 0 
7fd5f7273000-7fd5f7371000 rw-p 00000000 00:00 0                          [stack:21125]
7fd5f7371000-7fd5f7372000 r-xp 00000000 08:07 543598                     /usr/lib/jvm/java-7-openjdk-amd64/jre/lib/amd64/libjaas_unix.so
7fd5f7372000-7fd5f7571000 ---p 00001000 08:07 543598                     /usr/lib/jvm/java-7-openjdk-amd64/jre/lib/amd64/libjaas_unix.so
7fd5f7571000-7fd5f7572000 r--p 00000000 08:07 543598                     /usr/lib/jvm/java-7-openjdk-amd64/jre/lib/amd64/libjaas_unix.so
7fd5f7572000-7fd5f7573000 rw-p 00001000 08:07 543598                     /usr/lib/jvm/java-7-openjdk-amd64/jre/lib/amd64/libjaas_unix.so
7fd5f7573000-7fd5f757b000 r-xp 00000000 08:07 543588                     /usr/lib/jvm/java-7-openjdk-amd64/jre/lib/amd64/libmanagement.so
7fd5f757b000-7fd5f777a000 ---p 00008000 08:07 543588                     /usr/lib/jvm/java-7-openjdk-amd64/jre/lib/amd64/libmanagement.so
7fd5f777a000-7fd5f777b000 r--p 00007000 08:07 543588                     /usr/lib/jvm/java-7-openjdk-amd64/jre/lib/amd64/libmanagement.so
7fd5f777b000-7fd5f777c000 rw-p 00008000 08:07 543588                     /usr/lib/jvm/java-7-openjdk-amd64/jre/lib/amd64/libmanagement.so
7fd5f777c000-7fd5f77b9000 r-xp 00000000 08:07 4067362                    /lib/x86_64-linux-gnu/libpcre.so.3.13.1
7fd5f77b9000-7fd5f79b8000 ---p 0003d000 08:07 4067362                    /lib/x86_64-linux-gnu/libpcre.so.3.13.1
7fd5f79b8000-7fd5f79b9000 r--p 0003c000 08:07 4067362                    /lib/x86_64-linux-gnu/libpcre.so.3.13.1
7fd5f79b9000-7fd5f79ba000 rw-p 0003d000 08:07 4067362                    /lib/x86_64-linux-gnu/libpcre.so.3.13.1
7fd5f79ba000-7fd5f79c1000 r-xp 00000000 08:07 3023835                    /usr/lib/x86_64-linux-gnu/libffi.so.6.0.1
7fd5f79c1000-7fd5f7bc0000 ---p 00007000 08:07 3023835                    /usr/lib/x86_64-linux-gnu/libffi.so.6.0.1
7fd5f7bc0000-7fd5f7bc1000 r--p 00006000 08:07 3023835                    /usr/lib/x86_64-linux-gnu/libffi.so.6.0.1
7fd5f7bc1000-7fd5f7bc2000 rw-p 00007000 08:07 3023835                    /usr/lib/x86_64-linux-gnu/libffi.so.6.0.1
7fd5f7bc2000-7fd5f7bd9000 r-xp 00000000 08:07 4067385                    /lib/x86_64-linux-gnu/libresolv-2.19.so
7fd5f7bd9000-7fd5f7dd9000 ---p 00017000 08:07 4067385                    /lib/x86_64-linux-gnu/libresolv-2.19.so
7fd5f7dd9000-7fd5f7dda000 r--p 00017000 08:07 4067385                    /lib/x86_64-linux-gnu/libresolv-2.19.so
7fd5f7dda000-7fd5f7ddb000 rw-p 00018000 08:07 4067385                    /lib/x86_64-linux-gnu/libresolv-2.19.so
7fd5f7ddb000-7fd5f7ddd000 rw-p 00000000 00:00 0 
7fd5f7ddd000-7fd5f7dfd000 r-xp 00000000 08:07 4063261                    /lib/x86_64-linux-gnu/libselinux.so.1
7fd5f7dfd000-7fd5f7ffc000 ---p 00020000 08:07 4063261                    /lib/x86_64-linux-gnu/libselinux.so.1
7fd5f7ffc000-7fd5f7ffd000 r--p 0001f000 08:07 4063261                    /lib/x86_64-linux-gnu/libselinux.so.1
7fd5f7ffd000-7fd5f7ffe000 rw-p 00020000 08:07 4063261                    /lib/x86_64-linux-gnu/libselinux.so.1
7fd5f7ffe000-7fd5f8000000 rw-p 00000000 00:00 0 
7fd5f8000000-7fd5f8021000 rw-p 00000000 00:00 0 
7fd5f8021000-7fd5fc000000 ---p 00000000 00:00 0 
7fd5fc002000-7fd5fc005000 ---p 00000000 00:00 0 
7fd5fc005000-7fd5fc134000 rw-p 00000000 00:00 0                          [stack:21124]
7fd5fc134000-7fd5fc137000 r-xp 00000000 08:07 3023936                    /usr/lib/x86_64-linux-gnu/libgmodule-2.0.so.0.4000.0
7fd5fc137000-7fd5fc336000 ---p 00003000 08:07 3023936                    /usr/lib/x86_64-linux-gnu/libgmodule-2.0.so.0.4000.0
7fd5fc336000-7fd5fc337000 r--p 00002000 08:07 3023936                    /usr/lib/x86_64-linux-gnu/libgmodule-2.0.so.0.4000.0
7fd5fc337000-7fd5fc338000 rw-p 00003000 08:07 3023936                    /usr/lib/x86_64-linux-gnu/libgmodule-2.0.so.0.4000.0
7fd5fc338000-7fd5fc43e000 r-xp 00000000 08:07 4067289                    /lib/x86_64-linux-gnu/libglib-2.0.so.0.4000.0
7fd5fc43e000-7fd5fc63d000 ---p 00106000 08:07 4067289                    /lib/x86_64-linux-gnu/libglib-2.0.so.0.4000.0
7fd5fc63d000-7fd5fc63e000 r--p 00105000 08:07 4067289                    /lib/x86_64-linux-gnu/libglib-2.0.so.0.4000.0
7fd5fc63e000-7fd5fc63f000 rw-p 00106000 08:07 4067289                    /lib/x86_64-linux-gnu/libglib-2.0.so.0.4000.0
7fd5fc63f000-7fd5fc640000 rw-p 00000000 00:00 0 
7fd5fc640000-7fd5fc68f000 r-xp 00000000 08:07 3023954                    /usr/lib/x86_64-linux-gnu/libgobject-2.0.so.0.4000.0
7fd5fc68f000-7fd5fc88f000 ---p 0004f000 08:07 3023954                    /usr/lib/x86_64-linux-gnu/libgobject-2.0.so.0.4000.0
7fd5fc88f000-7fd5fc890000 r--p 0004f000 08:07 3023954                    /usr/lib/x86_64-linux-gnu/libgobject-2.0.so.0.4000.0
7fd5fc890000-7fd5fc891000 rw-p 00050000 08:07 3023954                    /usr/lib/x86_64-linux-gnu/libgobject-2.0.so.0.4000.0
7fd5fc891000-7fd5fc9fc000 r-xp 00000000 08:07 3023922                    /usr/lib/x86_64-linux-gnu/libgio-2.0.so.0.4000.0
7fd5fc9fc000-7fd5fcbfc000 ---p 0016b000 08:07 3023922                    /usr/lib/x86_64-linux-gnu/libgio-2.0.so.0.4000.0
7fd5fcbfc000-7fd5fcc00000 r--p 0016b000 08:07 3023922                    /usr/lib/x86_64-linux-gnu/libgio-2.0.so.0.4000.0
7fd5fcc00000-7fd5fcc02000 rw-p 0016f000 08:07 3023922                    /usr/lib/x86_64-linux-gnu/libgio-2.0.so.0.4000.0
7fd5fcc02000-7fd5fcc04000 rw-p 00000000 00:00 0 
7fd5fcc07000-7fd5fcc12000 r--s 00203000 08:07 409137                     /usr/lib/jvm/java-7-openjdk-amd64/jre/lib/charsets.jar
7fd5fcc12000-7fd5fcc15000 r--s 00017000 08:07 409138                     /usr/lib/jvm/java-7-openjdk-amd64/jre/lib/jce.jar
7fd5fcc15000-7fd5fcc1a000 r--s 0004c000 08:07 409158                     /usr/lib/jvm/java-7-openjdk-amd64/jre/lib/jsse.jar
7fd5fcc1a000-7fd5fcc23000 r--s 000b9000 08:07 409147                     /usr/lib/jvm/java-7-openjdk-amd64/jre/lib/resources.jar
7fd5fcc23000-7fd5fcc39000 r-xp 00000000 08:07 543576                     /usr/lib/jvm/java-7-openjdk-amd64/jre/lib/amd64/libnet.so
7fd5fcc39000-7fd5fce39000 ---p 00016000 08:07 543576                     /usr/lib/jvm/java-7-openjdk-amd64/jre/lib/amd64/libnet.so
7fd5fce39000-7fd5fce3a000 r--p 00016000 08:07 543576                     /usr/lib/jvm/java-7-openjdk-amd64/jre/lib/amd64/libnet.so
7fd5fce3a000-7fd5fce3b000 rw-p 00017000 08:07 543576                     /usr/lib/jvm/java-7-openjdk-amd64/jre/lib/amd64/libnet.so
7fd5fce3b000-7fd5fce4b000 r-xp 00000000 08:07 543585                     /usr/lib/jvm/java-7-openjdk-amd64/jre/lib/amd64/libnio.so
7fd5fce4b000-7fd5fd04b000 ---p 00010000 08:07 543585                     /usr/lib/jvm/java-7-openjdk-amd64/jre/lib/amd64/libnio.so
7fd5fd04b000-7fd5fd04c000 r--p 00010000 08:07 543585                     /usr/lib/jvm/java-7-openjdk-amd64/jre/lib/amd64/libnio.so
7fd5fd04c000-7fd5fd04d000 rw-p 00011000 08:07 543585                     /usr/lib/jvm/java-7-openjdk-amd64/jre/lib/amd64/libnio.so
7fd5fd04d000-7fd5fd04e000 r--s 0054d000 08:07 1676161                    /home/vutrang/Workspace/trang-bitbucket/video-hdfs/lib/ffmpeg-linux-x86_64.jar
7fd5fd04e000-7fd5fd067000 r--s 00101000 08:07 1653513                    /home/vutrang/Workspace/trang-bitbucket/video-hdfs/lib/javacv.jar
7fd5fd067000-7fd5fd069000 r--s 001cf000 08:07 1653514                    /home/vutrang/Workspace/trang-bitbucket/video-hdfs/lib/javacv-linux-x86_64.jar
7fd5fd069000-7fd5fd06d000 r--s 00024000 08:07 1653512                    /home/vutrang/Workspace/trang-bitbucket/video-hdfs/lib/javacpp.jar
7fd5fd06d000-7fd5fd098000 r--s 002d1000 08:07 1580591                    /home/vutrang/Workspace/tar/hadoop-1.2.1/hadoop-test-1.2.1.jar
7fd5fd098000-7fd5fd0d2000 r--s 003c9000 08:07 1606557                    /home/vutrang/Workspace/tar/hadoop-1.2.1/hadoop-core-1.2.1.jar
7fd5fd0d2000-7fd5fd0d3000 r--s 00000000 08:07 1622117                    /home/vutrang/Workspace/tar/hadoop-1.2.1/hadoop-client-1.2.1.jar
7fd5fd0d3000-7fd5fd0d4000 r--s 00003000 08:07 1580449                    /home/vutrang/Workspace/tar/hadoop-1.2.1/lib/xmlenc-0.52.jar
7fd5fd0d4000-7fd5fd0d6000 r--s 00001000 08:07 1580452                    /home/vutrang/Workspace/tar/hadoop-1.2.1/lib/slf4j-log4j12-1.4.3.jar
7fd5fd0d6000-7fd5fd0d7000 r--s 00003000 08:07 1580529                    /home/vutrang/Workspace/tar/hadoop-1.2.1/lib/slf4j-api-1.4.3.jar
7fd5fd0d7000-7fd5fd0d9000 r--s 0001f000 08:07 1580437                    /home/vutrang/Workspace/tar/hadoop-1.2.1/lib/servlet-api-2.5-20081211.jar
7fd5fd0d9000-7fd5fd124000 rw-p 00000000 00:00 0 
7fd5fd124000-7fd5fd2e1000 r--s 039bf000 08:07 1580524                    /home/vutrang/Workspace/tar/hadoop-1.2.1/lib/rt.jar
7fd5fd2e1000-7fd5fd2e3000 r--s 0000e000 08:07 1580522                    /home/vutrang/Workspace/tar/hadoop-1.2.1/lib/oro-2.0.8.jar
7fd5fd2e3000-7fd5fd300000 r--s 0013e000 08:07 1580426                    /home/vutrang/Workspace/tar/hadoop-1.2.1/lib/mockito-all-1.8.5.jar
7fd5fd300000-7fd5fd307000 r--s 00059000 08:07 1580431                    /home/vutrang/Workspace/tar/hadoop-1.2.1/lib/log4j-1.2.15.jar
7fd5fd307000-7fd5fd30d000 r--s 0002b000 08:07 1580433                    /home/vutrang/Workspace/tar/hadoop-1.2.1/lib/junit-4.5.jar
7fd5fd30d000-7fd5fd310000 r--s 0002b000 08:07 1580430                    /home/vutrang/Workspace/tar/hadoop-1.2.1/lib/jsch-0.1.42.jar
7fd5fd310000-7fd5fd314000 r--s 00028000 08:07 1580457                    /home/vutrang/Workspace/tar/hadoop-1.2.1/lib/jetty-util-6.1.26.jar
7fd5fd314000-7fd5fd31b000 r--s 0007d000 08:07 1580450                    /home/vutrang/Workspace/tar/hadoop-1.2.1/lib/jetty-6.1.26.jar
7fd5fd31b000-7fd5fd320000 r--s 0004a000 08:07 1580460                    /home/vutrang/Workspace/tar/hadoop-1.2.1/lib/jets3t-0.6.1.jar
7fd5fd320000-7fd5fd331000 r--s 00099000 08:07 1580531                    /home/vutrang/Workspace/tar/hadoop-1.2.1/lib/jersey-server-1.8.jar
7fd5fd331000-7fd5fd335000 r--s 00021000 08:07 1580517                    /home/vutrang/Workspace/tar/hadoop-1.2.1/lib/jersey-json-1.8.jar
7fd5fd335000-7fd5fd33f000 r--s 00066000 08:07 1580544                    /home/vutrang/Workspace/tar/hadoop-1.2.1/lib/jersey-core-1.8.jar
7fd5fd33f000-7fd5fd343000 r--s 00032000 08:07 1580458                    /home/vutrang/Workspace/tar/hadoop-1.2.1/lib/jdeb-0.8.jar
7fd5fd343000-7fd5fd345000 r--s 00011000 08:07 1580539                    /home/vutrang/Workspace/tar/hadoop-1.2.1/lib/jasper-runtime-5.5.12.jar
7fd5fd345000-7fd5fd34a000 r--s 0005e000 08:07 1580545                    /home/vutrang/Workspace/tar/hadoop-1.2.1/lib/jasper-compiler-5.5.12.jar
7fd5fd34a000-7fd5fd357000 r--s 00097000 08:07 1580463                    /home/vutrang/Workspace/tar/hadoop-1.2.1/lib/jackson-mapper-asl-1.8.8.jar
7fd5fd357000-7fd5fd35b000 r--s 00034000 08:07 1580523                    /home/vutrang/Workspace/tar/hadoop-1.2.1/lib/jackson-core-asl-1.8.8.jar
7fd5fd35b000-7fd5fd364000 r--s 000a4000 08:07 1580455                    /home/vutrang/Workspace/tar/hadoop-1.2.1/lib/hsqldb-1.8.0.10.jar
7fd5fd364000-7fd5fd366000 r--s 00010000 08:07 1580428                    /home/vutrang/Workspace/tar/hadoop-1.2.1/lib/hadoop-fairscheduler-1.2.1.jar
7fd5fd366000-7fd5fd368000 r--s 0000d000 08:07 1580454                    /home/vutrang/Workspace/tar/hadoop-1.2.1/lib/hadoop-capacity-scheduler-1.2.1.jar
7fd5fd368000-7fd5fd38b000 r--s 00344000 08:07 1580543                    /home/vutrang/Workspace/tar/hadoop-1.2.1/lib/core-3.1.1.jar
7fd5fd38b000-7fd5fd390000 r--s 0003e000 08:07 1580519                    /home/vutrang/Workspace/tar/hadoop-1.2.1/lib/commons-net-3.1.jar
7fd5fd390000-7fd5fd3a1000 r--s 000bb000 08:07 1580541                    /home/vutrang/Workspace/tar/hadoop-1.2.1/lib/commons-math-2.1.jar
7fd5fd3a1000-7fd5fd3a3000 r--s 00005000 08:07 1574269                    /home/vutrang/Workspace/tar/hadoop-1.2.1/lib/commons-logging-api-1.0.4.jar
7fd5fd3a3000-7fd5fd3a7000 r--s 0003c000 08:07 1580535                    /home/vutrang/Workspace/tar/hadoop-1.2.1/lib/commons-lang-2.4.jar
7fd5fd3a7000-7fd5fd40c000 r--s 0081d000 08:07 1580537                    /home/vutrang/Workspace/tar/hadoop-1.2.1/lib/aspectjtools-1.6.11.jar
7fd5fd40c000-7fd5fd40d000 ---p 00000000 00:00 0 
7fd5fd40d000-7fd5fd50d000 rw-p 00000000 00:00 0                          [stack:21123]
7fd5fd50d000-7fd5fd510000 ---p 00000000 00:00 0 
7fd5fd510000-7fd5fd60e000 rw-p 00000000 00:00 0                          [stack:21122]
7fd5fd60e000-7fd5fdcf0000 r--p 00000000 08:07 3022715                    /usr/lib/locale/locale-archive
7fd5fdcf0000-7fd600000000 rw-p 00000000 00:00 0 
7fd600000000-7fd600021000 rw-p 00000000 00:00 0 
7fd600021000-7fd604000000 ---p 00000000 00:00 0 
7fd604000000-7fd604001000 r--s 00002000 08:07 1580528                    /home/vutrang/Workspace/tar/hadoop-1.2.1/lib/kfs-0.2.2.jar
7fd604001000-7fd604003000 r--s 0000d000 08:07 1580530                    /home/vutrang/Workspace/tar/hadoop-1.2.1/lib/commons-logging-1.1.1.jar
7fd604003000-7fd604006000 r--s 00025000 08:07 1580438                    /home/vutrang/Workspace/tar/hadoop-1.2.1/lib/commons-io-2.1.jar
7fd604006000-7fd60400b000 r--s 00040000 08:07 1580432                    /home/vutrang/Workspace/tar/hadoop-1.2.1/lib/commons-httpclient-3.0.1.jar
7fd60400b000-7fd60400e000 r--s 00019000 08:07 1580533                    /home/vutrang/Workspace/tar/hadoop-1.2.1/lib/commons-el-1.0.jar
7fd60400e000-7fd604012000 r--s 00020000 08:07 1580542                    /home/vutrang/Workspace/tar/hadoop-1.2.1/lib/commons-digester-1.8.jar
7fd604012000-7fd604014000 r--s 00002000 08:07 1580453                    /home/vutrang/Workspace/tar/hadoop-1.2.1/lib/commons-daemon-1.0.1.jar
7fd604014000-7fd60401a000 r--s 00043000 08:07 1580436                    /home/vutrang/Workspace/tar/hadoop-1.2.1/lib/commons-configuration-1.6.jar
7fd60401a000-7fd604028000 r--s 0007f000 08:07 1580547                    /home/vutrang/Workspace/tar/hadoop-1.2.1/lib/commons-collections-3.2.1.jar
7fd604028000-7fd60402a000 r--s 0000d000 08:07 1580456                    /home/vutrang/Workspace/tar/hadoop-1.2.1/lib/commons-codec-1.4.jar
7fd60402a000-7fd60402e000 r--s 0002f000 08:07 1580466                    /home/vutrang/Workspace/tar/hadoop-1.2.1/lib/commons-beanutils-core-1.8.0.jar
7fd60402e000-7fd60404c000 r--s 001bb000 08:07 1580534                    /home/vutrang/Workspace/tar/hadoop-1.2.1/lib/ant.jar
7fd60404c000-7fd60404f000 ---p 00000000 00:00 0 
7fd60404f000-7fd60414d000 rw-p 00000000 00:00 0                          [stack:21120]
7fd60414d000-7fd604150000 ---p 00000000 00:00 0 
7fd604150000-7fd60424e000 rw-p 00000000 00:00 0                          [stack:21119]
7fd60424e000-7fd604251000 ---p 00000000 00:00 0 
7fd604251000-7fd60434f000 rw-p 00000000 00:00 0                          [stack:21118]
7fd60434f000-7fd604352000 ---p 00000000 00:00 0 
7fd604352000-7fd604450000 rw-p 00000000 00:00 0                          [stack:21117]
7fd604450000-7fd604453000 ---p 00000000 00:00 0 
7fd604453000-7fd604551000 rw-p 00000000 00:00 0                          [stack:21116]
7fd604551000-7fd604552000 ---p 00000000 00:00 0 
7fd604552000-7fd605000000 rw-p 00000000 00:00 0                          [stack:21115]
7fd605000000-7fd605270000 rwxp 00000000 00:00 0 
7fd605270000-7fd608538000 rw-p 00000000 00:00 0 
7fd608538000-7fd60c000000 ---p 00000000 00:00 0 
7fd60c000000-7fd60c005000 r--s 0002a000 08:07 1580445                    /home/vutrang/Workspace/tar/hadoop-1.2.1/lib/commons-beanutils-1.7.0.jar
7fd60c005000-7fd60c009000 r--s 00019000 08:07 1580546                    /home/vutrang/Workspace/tar/hadoop-1.2.1/lib/aspectjrt-1.6.11.jar
7fd60c009000-7fd60c658000 rw-p 00000000 00:00 0 
7fd60c658000-7fd60c806000 r--s 01cfc000 08:07 409136                     /usr/lib/jvm/java-7-openjdk-amd64/jre/lib/rt.jar
7fd60c806000-7fd60cb30000 rw-p 00000000 00:00 0 
7fd60cb30000-7fd60cb31000 ---p 00000000 00:00 0 
7fd60cb31000-7fd60cc31000 rw-p 00000000 00:00 0                          [stack:21114]
7fd60cc31000-7fd60cc32000 ---p 00000000 00:00 0 
7fd60cc32000-7fd60cd32000 rw-p 00000000 00:00 0                          [stack:21113]
7fd60cd32000-7fd60cd33000 ---p 00000000 00:00 0 
7fd60cd33000-7fd60ce33000 rw-p 00000000 00:00 0                          [stack:21112]
7fd60ce33000-7fd60ce34000 ---p 00000000 00:00 0 
7fd60ce34000-7fd60cf3f000 rw-p 00000000 00:00 0                          [stack:21111]
7fd60cf3f000-7fd60cf87000 rw-p 00000000 00:00 0 
7fd60cf87000-7fd60cfcb000 rw-p 00000000 00:00 0 
7fd60cfcb000-7fd60d0c6000 rw-p 00000000 00:00 0 
7fd60d0c6000-7fd60d0d1000 rw-p 00000000 00:00 0 
7fd60d0d1000-7fd60d119000 rw-p 00000000 00:00 0 
7fd60d119000-7fd60d15d000 rw-p 00000000 00:00 0 
7fd60d15d000-7fd60d257000 rw-p 00000000 00:00 0 
7fd60d257000-7fd60d263000 rw-p 00000000 00:00 0 
7fd60d263000-7fd60d269000 ---p 00000000 00:00 0 
7fd60d269000-7fd60d2f7000 rw-p 00000000 00:00 0 
7fd60d2f7000-7fd60d2f8000 rw-p 00000000 00:00 0 
7fd60d2f8000-7fd60d300000 r-xp 00000000 08:07 543571                     /usr/lib/jvm/java-7-openjdk-amd64/jre/lib/amd64/libzip.so
7fd60d300000-7fd60d4ff000 ---p 00008000 08:07 543571                     /usr/lib/jvm/java-7-openjdk-amd64/jre/lib/amd64/libzip.so
7fd60d4ff000-7fd60d500000 r--p 00007000 08:07 543571                     /usr/lib/jvm/java-7-openjdk-amd64/jre/lib/amd64/libzip.so
7fd60d500000-7fd60d501000 rw-p 00008000 08:07 543571                     /usr/lib/jvm/java-7-openjdk-amd64/jre/lib/amd64/libzip.so
7fd60d501000-7fd60d50c000 r-xp 00000000 08:07 4067333                    /lib/x86_64-linux-gnu/libnss_files-2.19.so
7fd60d50c000-7fd60d70b000 ---p 0000b000 08:07 4067333                    /lib/x86_64-linux-gnu/libnss_files-2.19.so
7fd60d70b000-7fd60d70c000 r--p 0000a000 08:07 4067333                    /lib/x86_64-linux-gnu/libnss_files-2.19.so
7fd60d70c000-7fd60d70d000 rw-p 0000b000 08:07 4067333                    /lib/x86_64-linux-gnu/libnss_files-2.19.so
7fd60d70d000-7fd60d718000 r-xp 00000000 08:07 4067344                    /lib/x86_64-linux-gnu/libnss_nis-2.19.so
7fd60d718000-7fd60d917000 ---p 0000b000 08:07 4067344                    /lib/x86_64-linux-gnu/libnss_nis-2.19.so
7fd60d917000-7fd60d918000 r--p 0000a000 08:07 4067344                    /lib/x86_64-linux-gnu/libnss_nis-2.19.so
7fd60d918000-7fd60d919000 rw-p 0000b000 08:07 4067344                    /lib/x86_64-linux-gnu/libnss_nis-2.19.so
7fd60d919000-7fd60d930000 r-xp 00000000 08:07 4067327                    /lib/x86_64-linux-gnu/libnsl-2.19.so
7fd60d930000-7fd60db2f000 ---p 00017000 08:07 4067327                    /lib/x86_64-linux-gnu/libnsl-2.19.so
7fd60db2f000-7fd60db30000 r--p 00016000 08:07 4067327                    /lib/x86_64-linux-gnu/libnsl-2.19.so
7fd60db30000-7fd60db31000 rw-p 00017000 08:07 4067327                    /lib/x86_64-linux-gnu/libnsl-2.19.so
7fd60db31000-7fd60db33000 rw-p 00000000 00:00 0 
7fd60db33000-7fd60db3c000 r-xp 00000000 08:07 4067329                    /lib/x86_64-linux-gnu/libnss_compat-2.19.so
7fd60db3c000-7fd60dd3b000 ---p 00009000 08:07 4067329                    /lib/x86_64-linux-gnu/libnss_compat-2.19.so
7fd60dd3b000-7fd60dd3c000 r--p 00008000 08:07 4067329                    /lib/x86_64-linux-gnu/libnss_compat-2.19.so
7fd60dd3c000-7fd60dd3d000 rw-p 00009000 08:07 4067329                    /lib/x86_64-linux-gnu/libnss_compat-2.19.so
7fd60dd3d000-7fd60dd68000 r-xp 00000000 08:07 543567                     /usr/lib/jvm/java-7-openjdk-amd64/jre/lib/amd64/libjava.so
7fd60dd68000-7fd60df67000 ---p 0002b000 08:07 543567                     /usr/lib/jvm/java-7-openjdk-amd64/jre/lib/amd64/libjava.so
7fd60df67000-7fd60df68000 r--p 0002a000 08:07 543567                     /usr/lib/jvm/java-7-openjdk-amd64/jre/lib/amd64/libjava.so
7fd60df68000-7fd60df6a000 rw-p 0002b000 08:07 543567                     /usr/lib/jvm/java-7-openjdk-amd64/jre/lib/amd64/libjava.so
7fd60df6a000-7fd60df7a000 r-xp 00000000 08:07 543600                     /usr/lib/jvm/java-7-openjdk-amd64/jre/lib/amd64/libverify.so
7fd60df7a000-7fd60e179000 ---p 00010000 08:07 543600                     /usr/lib/jvm/java-7-openjdk-amd64/jre/lib/amd64/libverify.so
7fd60e179000-7fd60e17b000 r--p 0000f000 08:07 543600                     /usr/lib/jvm/java-7-openjdk-amd64/jre/lib/amd64/libverify.so
7fd60e17b000-7fd60e17c000 rw-p 00011000 08:07 543600                     /usr/lib/jvm/java-7-openjdk-amd64/jre/lib/amd64/libverify.so
7fd60e17c000-7fd60e183000 r-xp 00000000 08:07 4067387                    /lib/x86_64-linux-gnu/librt-2.19.so
7fd60e183000-7fd60e382000 ---p 00007000 08:07 4067387                    /lib/x86_64-linux-gnu/librt-2.19.so
7fd60e382000-7fd60e383000 r--p 00006000 08:07 4067387                    /lib/x86_64-linux-gnu/librt-2.19.so
7fd60e383000-7fd60e384000 rw-p 00007000 08:07 4067387                    /lib/x86_64-linux-gnu/librt-2.19.so
7fd60e384000-7fd60e39a000 r-xp 00000000 08:07 4067285                    /lib/x86_64-linux-gnu/libgcc_s.so.1
7fd60e39a000-7fd60e599000 ---p 00016000 08:07 4067285                    /lib/x86_64-linux-gnu/libgcc_s.so.1
7fd60e599000-7fd60e59a000 rw-p 00015000 08:07 4067285                    /lib/x86_64-linux-gnu/libgcc_s.so.1
7fd60e59a000-7fd60e69f000 r-xp 00000000 08:07 4067308                    /lib/x86_64-linux-gnu/libm-2.19.so
7fd60e69f000-7fd60e89e000 ---p 00105000 08:07 4067308                    /lib/x86_64-linux-gnu/libm-2.19.so
7fd60e89e000-7fd60e89f000 r--p 00104000 08:07 4067308                    /lib/x86_64-linux-gnu/libm-2.19.so
7fd60e89f000-7fd60e8a0000 rw-p 00105000 08:07 4067308                    /lib/x86_64-linux-gnu/libm-2.19.so
7fd60e8a0000-7fd60e986000 r-xp 00000000 08:07 3024452                    /usr/lib/x86_64-linux-gnu/libstdc++.so.6.0.19
7fd60e986000-7fd60eb85000 ---p 000e6000 08:07 3024452                    /usr/lib/x86_64-linux-gnu/libstdc++.so.6.0.19
7fd60eb85000-7fd60eb8d000 r--p 000e5000 08:07 3024452                    /usr/lib/x86_64-linux-gnu/libstdc++.so.6.0.19
7fd60eb8d000-7fd60eb8f000 rw-p 000ed000 08:07 3024452                    /usr/lib/x86_64-linux-gnu/libstdc++.so.6.0.19
7fd60eb8f000-7fd60eba4000 rw-p 00000000 00:00 0 
7fd60eba4000-7fd60f685000 r-xp 00000000 08:07 543582                     /usr/lib/jvm/java-7-openjdk-amd64/jre/lib/amd64/server/libjvm.so
7fd60f685000-7fd60f884000 ---p 00ae1000 08:07 543582                     /usr/lib/jvm/java-7-openjdk-amd64/jre/lib/amd64/server/libjvm.so
7fd60f884000-7fd60f916000 r--p 00ae0000 08:07 543582                     /usr/lib/jvm/java-7-openjdk-amd64/jre/lib/amd64/server/libjvm.so
7fd60f916000-7fd60f939000 rw-p 00b72000 08:07 543582                     /usr/lib/jvm/java-7-openjdk-amd64/jre/lib/amd64/server/libjvm.so
7fd60f939000-7fd60f966000 rw-p 00000000 00:00 0 
7fd60f966000-7fd60f97e000 r-xp 00000000 08:07 4067421                    /lib/x86_64-linux-gnu/libz.so.1.2.8
7fd60f97e000-7fd60fb7d000 ---p 00018000 08:07 4067421                    /lib/x86_64-linux-gnu/libz.so.1.2.8
7fd60fb7d000-7fd60fb7e000 r--p 00017000 08:07 4067421                    /lib/x86_64-linux-gnu/libz.so.1.2.8
7fd60fb7e000-7fd60fb7f000 rw-p 00018000 08:07 4067421                    /lib/x86_64-linux-gnu/libz.so.1.2.8
7fd60fb7f000-7fd60fb98000 r-xp 00000000 08:07 4067379                    /lib/x86_64-linux-gnu/libpthread-2.19.so
7fd60fb98000-7fd60fd97000 ---p 00019000 08:07 4067379                    /lib/x86_64-linux-gnu/libpthread-2.19.so
7fd60fd97000-7fd60fd98000 r--p 00018000 08:07 4067379                    /lib/x86_64-linux-gnu/libpthread-2.19.so
7fd60fd98000-7fd60fd99000 rw-p 00019000 08:07 4067379                    /lib/x86_64-linux-gnu/libpthread-2.19.so
7fd60fd99000-7fd60fd9d000 rw-p 00000000 00:00 0 
7fd60fd9d000-7fd60fda0000 r-xp 00000000 08:07 4067275                    /lib/x86_64-linux-gnu/libdl-2.19.so
7fd60fda0000-7fd60ff9f000 ---p 00003000 08:07 4067275                    /lib/x86_64-linux-gnu/libdl-2.19.so
7fd60ff9f000-7fd60ffa0000 r--p 00002000 08:07 4067275                    /lib/x86_64-linux-gnu/libdl-2.19.so
7fd60ffa0000-7fd60ffa1000 rw-p 00003000 08:07 4067275                    /lib/x86_64-linux-gnu/libdl-2.19.so
7fd60ffa1000-7fd61015d000 r-xp 00000000 08:07 4067258                    /lib/x86_64-linux-gnu/libc-2.19.so
7fd61015d000-7fd61035c000 ---p 001bc000 08:07 4067258                    /lib/x86_64-linux-gnu/libc-2.19.so
7fd61035c000-7fd610360000 r--p 001bb000 08:07 4067258                    /lib/x86_64-linux-gnu/libc-2.19.so
7fd610360000-7fd610362000 rw-p 001bf000 08:07 4067258                    /lib/x86_64-linux-gnu/libc-2.19.so
7fd610362000-7fd610367000 rw-p 00000000 00:00 0 
7fd610367000-7fd610374000 r-xp 00000000 08:07 543593                     /usr/lib/jvm/java-7-openjdk-amd64/jre/lib/amd64/jli/libjli.so
7fd610374000-7fd610573000 ---p 0000d000 08:07 543593                     /usr/lib/jvm/java-7-openjdk-amd64/jre/lib/amd64/jli/libjli.so
7fd610573000-7fd610574000 r--p 0000c000 08:07 543593                     /usr/lib/jvm/java-7-openjdk-amd64/jre/lib/amd64/jli/libjli.so
7fd610574000-7fd610575000 rw-p 0000d000 08:07 543593                     /usr/lib/jvm/java-7-openjdk-amd64/jre/lib/amd64/jli/libjli.so
7fd610575000-7fd610598000 r-xp 00000000 08:07 4067234                    /lib/x86_64-linux-gnu/ld-2.19.so
7fd610598000-7fd61059a000 r--s 00009000 08:07 1580434                    /home/vutrang/Workspace/tar/hadoop-1.2.1/lib/commons-cli-1.2.jar
7fd61059a000-7fd6105ba000 rw-p 00000000 00:00 0 
7fd6105ba000-7fd610670000 rw-p 00000000 00:00 0 
7fd610670000-7fd610673000 ---p 00000000 00:00 0 
7fd610673000-7fd610776000 rw-p 00000000 00:00 0                          [stack:21110]
7fd610776000-7fd610777000 r--s 00002000 08:07 1580536                    /home/vutrang/Workspace/tar/hadoop-1.2.1/lib/hadoop-thriftfs-1.2.1.jar
7fd610777000-7fd610778000 r--s 0000a000 08:07 1580540                    /home/vutrang/Workspace/tar/hadoop-1.2.1/lib/asm-3.2.jar
7fd610778000-7fd61077a000 r--s 00006000 08:07 3452482                    /usr/share/java/java-atk-wrapper.jar
7fd61077a000-7fd61077b000 r--s 00002000 08:07 409145                     /usr/lib/jvm/java-7-openjdk-amd64/jre/lib/ext/dnsns.jar
7fd61077b000-7fd61077f000 r--s 00085000 08:07 409143                     /usr/lib/jvm/java-7-openjdk-amd64/jre/lib/ext/localedata.jar
7fd61077f000-7fd610783000 r--s 0003b000 08:07 409144                     /usr/lib/jvm/java-7-openjdk-amd64/jre/lib/ext/sunpkcs11.jar
7fd610783000-7fd610786000 r--s 00032000 08:07 409142                     /usr/lib/jvm/java-7-openjdk-amd64/jre/lib/ext/sunjce_provider.jar
7fd610786000-7fd610789000 r--s 0000f000 08:07 409140                     /usr/lib/jvm/java-7-openjdk-amd64/jre/lib/ext/pulse-java.jar
7fd610789000-7fd61078b000 r--s 00012000 08:07 409141                     /usr/lib/jvm/java-7-openjdk-amd64/jre/lib/ext/zipfs.jar
7fd61078b000-7fd610793000 rw-s 00000000 08:07 3457058                    /tmp/hsperfdata_vutrang/21105
7fd610793000-7fd610794000 rw-p 00000000 00:00 0 
7fd610794000-7fd610795000 r--p 00000000 00:00 0 
7fd610795000-7fd610797000 rw-p 00000000 00:00 0 
7fd610797000-7fd610798000 r--p 00022000 08:07 4067234                    /lib/x86_64-linux-gnu/ld-2.19.so
7fd610798000-7fd610799000 rw-p 00023000 08:07 4067234                    /lib/x86_64-linux-gnu/ld-2.19.so
7fd610799000-7fd61079a000 rw-p 00000000 00:00 0 
7fff53722000-7fff53744000 rw-p 00000000 00:00 0                          [stack]
7fff537fe000-7fff53800000 r-xp 00000000 00:00 0                          [vdso]
ffffffffff600000-ffffffffff601000 r-xp 00000000 00:00 0                  [vsyscall]

VM Arguments:
jvm_args: -Dfile.encoding=UTF-8 
java_command: VideoProc test.mp4 output
Launcher Type: SUN_STANDARD

Environment Variables:
PATH=/usr/local/sbin:/usr/local/bin:/usr/sbin:/usr/bin:/sbin:/bin:/usr/games:/usr/local/games
USERNAME=vutrang
SHELL=/bin/bash
DISPLAY=:0

Signal Handlers:
SIGSEGV: [libjvm.so+0x918620], sa_mask[0]=0x7ffbfeff, sa_flags=0x10000004
SIGBUS: [libjvm.so+0x918620], sa_mask[0]=0x7ffbfeff, sa_flags=0x10000004
SIGFPE: [libjvm.so+0x795e30], sa_mask[0]=0x7ffbfeff, sa_flags=0x10000004
SIGPIPE: [libjvm.so+0x795e30], sa_mask[0]=0x7ffbfeff, sa_flags=0x10000004
SIGXFSZ: [libjvm.so+0x795e30], sa_mask[0]=0x7ffbfeff, sa_flags=0x10000004
SIGILL: [libjvm.so+0x795e30], sa_mask[0]=0x7ffbfeff, sa_flags=0x10000004
SIGUSR1: SIG_DFL, sa_mask[0]=0x00000000, sa_flags=0x00000000
SIGUSR2: [libjvm.so+0x795cd0], sa_mask[0]=0x00000004, sa_flags=0x10000004
SIGHUP: [libjvm.so+0x795eb0], sa_mask[0]=0x7ffbfeff, sa_flags=0x10000004
SIGINT: [libjvm.so+0x795eb0], sa_mask[0]=0x7ffbfeff, sa_flags=0x10000004
SIGTERM: [libjvm.so+0x795eb0], sa_mask[0]=0x7ffbfeff, sa_flags=0x10000004
SIGQUIT: [libjvm.so+0x795eb0], sa_mask[0]=0x7ffbfeff, sa_flags=0x10000004


---------------  S Y S T E M  ---------------

OS:Ubuntu 14.04 (trusty)
uname:Linux 3.13.0-32-generic #57-Ubuntu SMP Tue Jul 15 03:51:08 UTC 2014 x86_64
libc:glibc 2.19 NPTL 2.19 
rlimit: STACK 8192k, CORE 0k, NPROC 30371, NOFILE 4096, AS infinity
load average:3.18 3.06 3.05

/proc/meminfo:
MemTotal:        3909156 kB
MemFree:          137112 kB
Buffers:             756 kB
Cached:            59420 kB
SwapCached:       142920 kB
Active:          2008328 kB
Inactive:         605200 kB
Active(anon):    1985596 kB
Inactive(anon):   576320 kB
Active(file):      22732 kB
Inactive(file):    28880 kB
Unevictable:          52 kB
Mlocked:              52 kB
SwapTotal:       2173948 kB
SwapFree:         150748 kB
Dirty:              5568 kB
Writeback:             0 kB
AnonPages:       2413788 kB
Mapped:           594332 kB
Shmem:              8692 kB
Slab:             100748 kB
SReclaimable:      47140 kB
SUnreclaim:        53608 kB
KernelStack:        6296 kB
PageTables:        44044 kB
NFS_Unstable:          0 kB
Bounce:                0 kB
WritebackTmp:          0 kB
CommitLimit:     4128524 kB
Committed_AS:    7686948 kB
VmallocTotal:   34359738367 kB
VmallocUsed:       98172 kB
VmallocChunk:   34359541892 kB
HardwareCorrupted:     0 kB
AnonHugePages:    370688 kB
HugePages_Total:       0
HugePages_Free:        0
HugePages_Rsvd:        0
HugePages_Surp:        0
Hugepagesize:       2048 kB
DirectMap4k:       80700 kB
DirectMap2M:     3973120 kB


CPU:total 4 (2 cores per cpu, 2 threads per core) family 6 model 37 stepping 5, cmov, cx8, fxsr, mmx, sse, sse2, sse3, ssse3, sse4.1, sse4.2, popcnt, aes, ht, tsc, tscinvbit

/proc/cpuinfo:
processor	: 0
vendor_id	: GenuineIntel
cpu family	: 6
model		: 37
model name	: Intel(R) Core(TM) i5 CPU         650  @ 3.20GHz
stepping	: 5
microcode	: 0x2
cpu MHz		: 1197.000
cache size	: 4096 KB
physical id	: 0
siblings	: 4
core id		: 0
cpu cores	: 2
apicid		: 0
initial apicid	: 0
fpu		: yes
fpu_exception	: yes
cpuid level	: 11
wp		: yes
flags		: fpu vme de pse tsc msr pae mce cx8 apic sep mtrr pge mca cmov pat pse36 clflush dts acpi mmx fxsr sse sse2 ss ht tm pbe syscall nx rdtscp lm constant_tsc arch_perfmon pebs bts rep_good nopl xtopology nonstop_tsc aperfmperf pni pclmulqdq dtes64 monitor ds_cpl vmx smx est tm2 ssse3 cx16 xtpr pdcm pcid sse4_1 sse4_2 popcnt aes lahf_lm ida arat dtherm tpr_shadow vnmi flexpriority ept vpid
bogomips	: 6384.25
clflush size	: 64
cache_alignment	: 64
address sizes	: 36 bits physical, 48 bits virtual
power management:

processor	: 1
vendor_id	: GenuineIntel
cpu family	: 6
model		: 37
model name	: Intel(R) Core(TM) i5 CPU         650  @ 3.20GHz
stepping	: 5
microcode	: 0x2
cpu MHz		: 3193.000
cache size	: 4096 KB
physical id	: 0
siblings	: 4
core id		: 2
cpu cores	: 2
apicid		: 4
initial apicid	: 4
fpu		: yes
fpu_exception	: yes
cpuid level	: 11
wp		: yes
flags		: fpu vme de pse tsc msr pae mce cx8 apic sep mtrr pge mca cmov pat pse36 clflush dts acpi mmx fxsr sse sse2 ss ht tm pbe syscall nx rdtscp lm constant_tsc arch_perfmon pebs bts rep_good nopl xtopology nonstop_tsc aperfmperf pni pclmulqdq dtes64 monitor ds_cpl vmx smx est tm2 ssse3 cx16 xtpr pdcm pcid sse4_1 sse4_2 popcnt aes lahf_lm ida arat dtherm tpr_shadow vnmi flexpriority ept vpid
bogomips	: 6384.25
clflush size	: 64
cache_alignment	: 64
address sizes	: 36 bits physical, 48 bits virtual
power management:

processor	: 2
vendor_id	: GenuineIntel
cpu family	: 6
model		: 37
model name	: Intel(R) Core(TM) i5 CPU         650  @ 3.20GHz
stepping	: 5
microcode	: 0x2
cpu MHz		: 2261.000
cache size	: 4096 KB
physical id	: 0
siblings	: 4
core id		: 0
cpu cores	: 2
apicid		: 1
initial apicid	: 1
fpu		: yes
fpu_exception	: yes
cpuid level	: 11
wp		: yes
flags		: fpu vme de pse tsc msr pae mce cx8 apic sep mtrr pge mca cmov pat pse36 clflush dts acpi mmx fxsr sse sse2 ss ht tm pbe syscall nx rdtscp lm constant_tsc arch_perfmon pebs bts rep_good nopl xtopology nonstop_tsc aperfmperf pni pclmulqdq dtes64 monitor ds_cpl vmx smx est tm2 ssse3 cx16 xtpr pdcm pcid sse4_1 sse4_2 popcnt aes lahf_lm ida arat dtherm tpr_shadow vnmi flexpriority ept vpid
bogomips	: 6384.25
clflush size	: 64
cache_alignment	: 64
address sizes	: 36 bits physical, 48 bits virtual
power management:

processor	: 3
vendor_id	: GenuineIntel
cpu family	: 6
model		: 37
model name	: Intel(R) Core(TM) i5 CPU         650  @ 3.20GHz
stepping	: 5
microcode	: 0x2
cpu MHz		: 3193.000
cache size	: 4096 KB
physical id	: 0
siblings	: 4
core id		: 2
cpu cores	: 2
apicid		: 5
initial apicid	: 5
fpu		: yes
fpu_exception	: yes
cpuid level	: 11
wp		: yes
flags		: fpu vme de pse tsc msr pae mce cx8 apic sep mtrr pge mca cmov pat pse36 clflush dts acpi mmx fxsr sse sse2 ss ht tm pbe syscall nx rdtscp lm constant_tsc arch_perfmon pebs bts rep_good nopl xtopology nonstop_tsc aperfmperf pni pclmulqdq dtes64 monitor ds_cpl vmx smx est tm2 ssse3 cx16 xtpr pdcm pcid sse4_1 sse4_2 popcnt aes lahf_lm ida arat dtherm tpr_shadow vnmi flexpriority ept vpid
bogomips	: 6384.25
clflush size	: 64
cache_alignment	: 64
address sizes	: 36 bits physical, 48 bits virtual
power management:



Memory: 4k page, physical 3909156k(137112k free), swap 2173948k(150748k free)

vm_info: OpenJDK 64-Bit Server VM (24.51-b03) for linux-amd64 JRE (1.7.0_55-b14), built on Apr 17 2014 20:08:07 by "buildd" with gcc 4.8.2

time: Thu Sep 25 20:02:59 2014
elapsed time: 2011 seconds

